Created by PLY version 3.11 (http://www.dabeaz.com/ply)

Grammar

Rule 0     S' -> expression
Rule 1     expression -> expression AND expression
Rule 2     expression -> expression OR expression
Rule 3     expression -> expression IMPLIES expression
Rule 4     expression -> expression CONCAT expression
Rule 5     expression -> expression CHOICE expression
Rule 6     expression -> NOT expression
Rule 7     expression -> expression STAR
Rule 8     expression -> LPAREN expression RPAREN
Rule 9     expression -> PROP

Terminals, with rules where they appear

AND                  : 1
CHOICE               : 5
CONCAT               : 4
IMPLIES              : 3
LPAREN               : 8
NOT                  : 6
OR                   : 2
PROP                 : 9
RPAREN               : 8
STAR                 : 7
error                : 

Nonterminals, with rules where they appear

expression           : 1 1 2 2 3 3 4 4 5 5 6 7 8 0

Parsing method: LALR

state 0

    (0) S' -> . expression
    (1) expression -> . expression AND expression
    (2) expression -> . expression OR expression
    (3) expression -> . expression IMPLIES expression
    (4) expression -> . expression CONCAT expression
    (5) expression -> . expression CHOICE expression
    (6) expression -> . NOT expression
    (7) expression -> . expression STAR
    (8) expression -> . LPAREN expression RPAREN
    (9) expression -> . PROP

    NOT             shift and go to state 2
    LPAREN          shift and go to state 3
    PROP            shift and go to state 4

    expression                     shift and go to state 1

state 1

    (0) S' -> expression .
    (1) expression -> expression . AND expression
    (2) expression -> expression . OR expression
    (3) expression -> expression . IMPLIES expression
    (4) expression -> expression . CONCAT expression
    (5) expression -> expression . CHOICE expression
    (7) expression -> expression . STAR

    AND             shift and go to state 5
    OR              shift and go to state 6
    IMPLIES         shift and go to state 7
    CONCAT          shift and go to state 8
    CHOICE          shift and go to state 9
    STAR            shift and go to state 10


state 2

    (6) expression -> NOT . expression
    (1) expression -> . expression AND expression
    (2) expression -> . expression OR expression
    (3) expression -> . expression IMPLIES expression
    (4) expression -> . expression CONCAT expression
    (5) expression -> . expression CHOICE expression
    (6) expression -> . NOT expression
    (7) expression -> . expression STAR
    (8) expression -> . LPAREN expression RPAREN
    (9) expression -> . PROP

    NOT             shift and go to state 2
    LPAREN          shift and go to state 3
    PROP            shift and go to state 4

    expression                     shift and go to state 11

state 3

    (8) expression -> LPAREN . expression RPAREN
    (1) expression -> . expression AND expression
    (2) expression -> . expression OR expression
    (3) expression -> . expression IMPLIES expression
    (4) expression -> . expression CONCAT expression
    (5) expression -> . expression CHOICE expression
    (6) expression -> . NOT expression
    (7) expression -> . expression STAR
    (8) expression -> . LPAREN expression RPAREN
    (9) expression -> . PROP

    NOT             shift and go to state 2
    LPAREN          shift and go to state 3
    PROP            shift and go to state 4

    expression                     shift and go to state 12

state 4

    (9) expression -> PROP .

    AND             reduce using rule 9 (expression -> PROP .)
    OR              reduce using rule 9 (expression -> PROP .)
    IMPLIES         reduce using rule 9 (expression -> PROP .)
    CONCAT          reduce using rule 9 (expression -> PROP .)
    CHOICE          reduce using rule 9 (expression -> PROP .)
    STAR            reduce using rule 9 (expression -> PROP .)
    $end            reduce using rule 9 (expression -> PROP .)
    RPAREN          reduce using rule 9 (expression -> PROP .)


state 5

    (1) expression -> expression AND . expression
    (1) expression -> . expression AND expression
    (2) expression -> . expression OR expression
    (3) expression -> . expression IMPLIES expression
    (4) expression -> . expression CONCAT expression
    (5) expression -> . expression CHOICE expression
    (6) expression -> . NOT expression
    (7) expression -> . expression STAR
    (8) expression -> . LPAREN expression RPAREN
    (9) expression -> . PROP

    NOT             shift and go to state 2
    LPAREN          shift and go to state 3
    PROP            shift and go to state 4

    expression                     shift and go to state 13

state 6

    (2) expression -> expression OR . expression
    (1) expression -> . expression AND expression
    (2) expression -> . expression OR expression
    (3) expression -> . expression IMPLIES expression
    (4) expression -> . expression CONCAT expression
    (5) expression -> . expression CHOICE expression
    (6) expression -> . NOT expression
    (7) expression -> . expression STAR
    (8) expression -> . LPAREN expression RPAREN
    (9) expression -> . PROP

    NOT             shift and go to state 2
    LPAREN          shift and go to state 3
    PROP            shift and go to state 4

    expression                     shift and go to state 14

state 7

    (3) expression -> expression IMPLIES . expression
    (1) expression -> . expression AND expression
    (2) expression -> . expression OR expression
    (3) expression -> . expression IMPLIES expression
    (4) expression -> . expression CONCAT expression
    (5) expression -> . expression CHOICE expression
    (6) expression -> . NOT expression
    (7) expression -> . expression STAR
    (8) expression -> . LPAREN expression RPAREN
    (9) expression -> . PROP

    NOT             shift and go to state 2
    LPAREN          shift and go to state 3
    PROP            shift and go to state 4

    expression                     shift and go to state 15

state 8

    (4) expression -> expression CONCAT . expression
    (1) expression -> . expression AND expression
    (2) expression -> . expression OR expression
    (3) expression -> . expression IMPLIES expression
    (4) expression -> . expression CONCAT expression
    (5) expression -> . expression CHOICE expression
    (6) expression -> . NOT expression
    (7) expression -> . expression STAR
    (8) expression -> . LPAREN expression RPAREN
    (9) expression -> . PROP

    NOT             shift and go to state 2
    LPAREN          shift and go to state 3
    PROP            shift and go to state 4

    expression                     shift and go to state 16

state 9

    (5) expression -> expression CHOICE . expression
    (1) expression -> . expression AND expression
    (2) expression -> . expression OR expression
    (3) expression -> . expression IMPLIES expression
    (4) expression -> . expression CONCAT expression
    (5) expression -> . expression CHOICE expression
    (6) expression -> . NOT expression
    (7) expression -> . expression STAR
    (8) expression -> . LPAREN expression RPAREN
    (9) expression -> . PROP

    NOT             shift and go to state 2
    LPAREN          shift and go to state 3
    PROP            shift and go to state 4

    expression                     shift and go to state 17

state 10

    (7) expression -> expression STAR .

    AND             reduce using rule 7 (expression -> expression STAR .)
    OR              reduce using rule 7 (expression -> expression STAR .)
    IMPLIES         reduce using rule 7 (expression -> expression STAR .)
    CONCAT          reduce using rule 7 (expression -> expression STAR .)
    CHOICE          reduce using rule 7 (expression -> expression STAR .)
    STAR            reduce using rule 7 (expression -> expression STAR .)
    $end            reduce using rule 7 (expression -> expression STAR .)
    RPAREN          reduce using rule 7 (expression -> expression STAR .)


state 11

    (6) expression -> NOT expression .
    (1) expression -> expression . AND expression
    (2) expression -> expression . OR expression
    (3) expression -> expression . IMPLIES expression
    (4) expression -> expression . CONCAT expression
    (5) expression -> expression . CHOICE expression
    (7) expression -> expression . STAR

  ! shift/reduce conflict for AND resolved as shift
  ! shift/reduce conflict for OR resolved as shift
  ! shift/reduce conflict for IMPLIES resolved as shift
  ! shift/reduce conflict for CONCAT resolved as shift
  ! shift/reduce conflict for CHOICE resolved as shift
  ! shift/reduce conflict for STAR resolved as shift
    $end            reduce using rule 6 (expression -> NOT expression .)
    RPAREN          reduce using rule 6 (expression -> NOT expression .)
    AND             shift and go to state 5
    OR              shift and go to state 6
    IMPLIES         shift and go to state 7
    CONCAT          shift and go to state 8
    CHOICE          shift and go to state 9
    STAR            shift and go to state 10

  ! AND             [ reduce using rule 6 (expression -> NOT expression .) ]
  ! OR              [ reduce using rule 6 (expression -> NOT expression .) ]
  ! IMPLIES         [ reduce using rule 6 (expression -> NOT expression .) ]
  ! CONCAT          [ reduce using rule 6 (expression -> NOT expression .) ]
  ! CHOICE          [ reduce using rule 6 (expression -> NOT expression .) ]
  ! STAR            [ reduce using rule 6 (expression -> NOT expression .) ]


state 12

    (8) expression -> LPAREN expression . RPAREN
    (1) expression -> expression . AND expression
    (2) expression -> expression . OR expression
    (3) expression -> expression . IMPLIES expression
    (4) expression -> expression . CONCAT expression
    (5) expression -> expression . CHOICE expression
    (7) expression -> expression . STAR

    RPAREN          shift and go to state 18
    AND             shift and go to state 5
    OR              shift and go to state 6
    IMPLIES         shift and go to state 7
    CONCAT          shift and go to state 8
    CHOICE          shift and go to state 9
    STAR            shift and go to state 10


state 13

    (1) expression -> expression AND expression .
    (1) expression -> expression . AND expression
    (2) expression -> expression . OR expression
    (3) expression -> expression . IMPLIES expression
    (4) expression -> expression . CONCAT expression
    (5) expression -> expression . CHOICE expression
    (7) expression -> expression . STAR

  ! shift/reduce conflict for AND resolved as shift
  ! shift/reduce conflict for OR resolved as shift
  ! shift/reduce conflict for IMPLIES resolved as shift
  ! shift/reduce conflict for CONCAT resolved as shift
  ! shift/reduce conflict for CHOICE resolved as shift
  ! shift/reduce conflict for STAR resolved as shift
    $end            reduce using rule 1 (expression -> expression AND expression .)
    RPAREN          reduce using rule 1 (expression -> expression AND expression .)
    AND             shift and go to state 5
    OR              shift and go to state 6
    IMPLIES         shift and go to state 7
    CONCAT          shift and go to state 8
    CHOICE          shift and go to state 9
    STAR            shift and go to state 10

  ! AND             [ reduce using rule 1 (expression -> expression AND expression .) ]
  ! OR              [ reduce using rule 1 (expression -> expression AND expression .) ]
  ! IMPLIES         [ reduce using rule 1 (expression -> expression AND expression .) ]
  ! CONCAT          [ reduce using rule 1 (expression -> expression AND expression .) ]
  ! CHOICE          [ reduce using rule 1 (expression -> expression AND expression .) ]
  ! STAR            [ reduce using rule 1 (expression -> expression AND expression .) ]


state 14

    (2) expression -> expression OR expression .
    (1) expression -> expression . AND expression
    (2) expression -> expression . OR expression
    (3) expression -> expression . IMPLIES expression
    (4) expression -> expression . CONCAT expression
    (5) expression -> expression . CHOICE expression
    (7) expression -> expression . STAR

  ! shift/reduce conflict for AND resolved as shift
  ! shift/reduce conflict for OR resolved as shift
  ! shift/reduce conflict for IMPLIES resolved as shift
  ! shift/reduce conflict for CONCAT resolved as shift
  ! shift/reduce conflict for CHOICE resolved as shift
  ! shift/reduce conflict for STAR resolved as shift
    $end            reduce using rule 2 (expression -> expression OR expression .)
    RPAREN          reduce using rule 2 (expression -> expression OR expression .)
    AND             shift and go to state 5
    OR              shift and go to state 6
    IMPLIES         shift and go to state 7
    CONCAT          shift and go to state 8
    CHOICE          shift and go to state 9
    STAR            shift and go to state 10

  ! AND             [ reduce using rule 2 (expression -> expression OR expression .) ]
  ! OR              [ reduce using rule 2 (expression -> expression OR expression .) ]
  ! IMPLIES         [ reduce using rule 2 (expression -> expression OR expression .) ]
  ! CONCAT          [ reduce using rule 2 (expression -> expression OR expression .) ]
  ! CHOICE          [ reduce using rule 2 (expression -> expression OR expression .) ]
  ! STAR            [ reduce using rule 2 (expression -> expression OR expression .) ]


state 15

    (3) expression -> expression IMPLIES expression .
    (1) expression -> expression . AND expression
    (2) expression -> expression . OR expression
    (3) expression -> expression . IMPLIES expression
    (4) expression -> expression . CONCAT expression
    (5) expression -> expression . CHOICE expression
    (7) expression -> expression . STAR

  ! shift/reduce conflict for AND resolved as shift
  ! shift/reduce conflict for OR resolved as shift
  ! shift/reduce conflict for IMPLIES resolved as shift
  ! shift/reduce conflict for CONCAT resolved as shift
  ! shift/reduce conflict for CHOICE resolved as shift
  ! shift/reduce conflict for STAR resolved as shift
    $end            reduce using rule 3 (expression -> expression IMPLIES expression .)
    RPAREN          reduce using rule 3 (expression -> expression IMPLIES expression .)
    AND             shift and go to state 5
    OR              shift and go to state 6
    IMPLIES         shift and go to state 7
    CONCAT          shift and go to state 8
    CHOICE          shift and go to state 9
    STAR            shift and go to state 10

  ! AND             [ reduce using rule 3 (expression -> expression IMPLIES expression .) ]
  ! OR              [ reduce using rule 3 (expression -> expression IMPLIES expression .) ]
  ! IMPLIES         [ reduce using rule 3 (expression -> expression IMPLIES expression .) ]
  ! CONCAT          [ reduce using rule 3 (expression -> expression IMPLIES expression .) ]
  ! CHOICE          [ reduce using rule 3 (expression -> expression IMPLIES expression .) ]
  ! STAR            [ reduce using rule 3 (expression -> expression IMPLIES expression .) ]


state 16

    (4) expression -> expression CONCAT expression .
    (1) expression -> expression . AND expression
    (2) expression -> expression . OR expression
    (3) expression -> expression . IMPLIES expression
    (4) expression -> expression . CONCAT expression
    (5) expression -> expression . CHOICE expression
    (7) expression -> expression . STAR

  ! shift/reduce conflict for AND resolved as shift
  ! shift/reduce conflict for OR resolved as shift
  ! shift/reduce conflict for IMPLIES resolved as shift
  ! shift/reduce conflict for CONCAT resolved as shift
  ! shift/reduce conflict for CHOICE resolved as shift
  ! shift/reduce conflict for STAR resolved as shift
    $end            reduce using rule 4 (expression -> expression CONCAT expression .)
    RPAREN          reduce using rule 4 (expression -> expression CONCAT expression .)
    AND             shift and go to state 5
    OR              shift and go to state 6
    IMPLIES         shift and go to state 7
    CONCAT          shift and go to state 8
    CHOICE          shift and go to state 9
    STAR            shift and go to state 10

  ! AND             [ reduce using rule 4 (expression -> expression CONCAT expression .) ]
  ! OR              [ reduce using rule 4 (expression -> expression CONCAT expression .) ]
  ! IMPLIES         [ reduce using rule 4 (expression -> expression CONCAT expression .) ]
  ! CONCAT          [ reduce using rule 4 (expression -> expression CONCAT expression .) ]
  ! CHOICE          [ reduce using rule 4 (expression -> expression CONCAT expression .) ]
  ! STAR            [ reduce using rule 4 (expression -> expression CONCAT expression .) ]


state 17

    (5) expression -> expression CHOICE expression .
    (1) expression -> expression . AND expression
    (2) expression -> expression . OR expression
    (3) expression -> expression . IMPLIES expression
    (4) expression -> expression . CONCAT expression
    (5) expression -> expression . CHOICE expression
    (7) expression -> expression . STAR

  ! shift/reduce conflict for AND resolved as shift
  ! shift/reduce conflict for OR resolved as shift
  ! shift/reduce conflict for IMPLIES resolved as shift
  ! shift/reduce conflict for CONCAT resolved as shift
  ! shift/reduce conflict for CHOICE resolved as shift
  ! shift/reduce conflict for STAR resolved as shift
    $end            reduce using rule 5 (expression -> expression CHOICE expression .)
    RPAREN          reduce using rule 5 (expression -> expression CHOICE expression .)
    AND             shift and go to state 5
    OR              shift and go to state 6
    IMPLIES         shift and go to state 7
    CONCAT          shift and go to state 8
    CHOICE          shift and go to state 9
    STAR            shift and go to state 10

  ! AND             [ reduce using rule 5 (expression -> expression CHOICE expression .) ]
  ! OR              [ reduce using rule 5 (expression -> expression CHOICE expression .) ]
  ! IMPLIES         [ reduce using rule 5 (expression -> expression CHOICE expression .) ]
  ! CONCAT          [ reduce using rule 5 (expression -> expression CHOICE expression .) ]
  ! CHOICE          [ reduce using rule 5 (expression -> expression CHOICE expression .) ]
  ! STAR            [ reduce using rule 5 (expression -> expression CHOICE expression .) ]


state 18

    (8) expression -> LPAREN expression RPAREN .

    AND             reduce using rule 8 (expression -> LPAREN expression RPAREN .)
    OR              reduce using rule 8 (expression -> LPAREN expression RPAREN .)
    IMPLIES         reduce using rule 8 (expression -> LPAREN expression RPAREN .)
    CONCAT          reduce using rule 8 (expression -> LPAREN expression RPAREN .)
    CHOICE          reduce using rule 8 (expression -> LPAREN expression RPAREN .)
    STAR            reduce using rule 8 (expression -> LPAREN expression RPAREN .)
    $end            reduce using rule 8 (expression -> LPAREN expression RPAREN .)
    RPAREN          reduce using rule 8 (expression -> LPAREN expression RPAREN .)

WARNING: 
WARNING: Conflicts:
WARNING: 
WARNING: shift/reduce conflict for AND in state 11 resolved as shift
WARNING: shift/reduce conflict for OR in state 11 resolved as shift
WARNING: shift/reduce conflict for IMPLIES in state 11 resolved as shift
WARNING: shift/reduce conflict for CONCAT in state 11 resolved as shift
WARNING: shift/reduce conflict for CHOICE in state 11 resolved as shift
WARNING: shift/reduce conflict for STAR in state 11 resolved as shift
WARNING: shift/reduce conflict for AND in state 13 resolved as shift
WARNING: shift/reduce conflict for OR in state 13 resolved as shift
WARNING: shift/reduce conflict for IMPLIES in state 13 resolved as shift
WARNING: shift/reduce conflict for CONCAT in state 13 resolved as shift
WARNING: shift/reduce conflict for CHOICE in state 13 resolved as shift
WARNING: shift/reduce conflict for STAR in state 13 resolved as shift
WARNING: shift/reduce conflict for AND in state 14 resolved as shift
WARNING: shift/reduce conflict for OR in state 14 resolved as shift
WARNING: shift/reduce conflict for IMPLIES in state 14 resolved as shift
WARNING: shift/reduce conflict for CONCAT in state 14 resolved as shift
WARNING: shift/reduce conflict for CHOICE in state 14 resolved as shift
WARNING: shift/reduce conflict for STAR in state 14 resolved as shift
WARNING: shift/reduce conflict for AND in state 15 resolved as shift
WARNING: shift/reduce conflict for OR in state 15 resolved as shift
WARNING: shift/reduce conflict for IMPLIES in state 15 resolved as shift
WARNING: shift/reduce conflict for CONCAT in state 15 resolved as shift
WARNING: shift/reduce conflict for CHOICE in state 15 resolved as shift
WARNING: shift/reduce conflict for STAR in state 15 resolved as shift
WARNING: shift/reduce conflict for AND in state 16 resolved as shift
WARNING: shift/reduce conflict for OR in state 16 resolved as shift
WARNING: shift/reduce conflict for IMPLIES in state 16 resolved as shift
WARNING: shift/reduce conflict for CONCAT in state 16 resolved as shift
WARNING: shift/reduce conflict for CHOICE in state 16 resolved as shift
WARNING: shift/reduce conflict for STAR in state 16 resolved as shift
WARNING: shift/reduce conflict for AND in state 17 resolved as shift
WARNING: shift/reduce conflict for OR in state 17 resolved as shift
WARNING: shift/reduce conflict for IMPLIES in state 17 resolved as shift
WARNING: shift/reduce conflict for CONCAT in state 17 resolved as shift
WARNING: shift/reduce conflict for CHOICE in state 17 resolved as shift
WARNING: shift/reduce conflict for STAR in state 17 resolved as shift
