Created by PLY version 3.11 (http://www.dabeaz.com/ply)

Grammar

Rule 0     S' -> expression
Rule 1     expression -> expression AND expression
Rule 2     expression -> expression OR expression
Rule 3     expression -> expression IMPLIES expression
Rule 4     expression -> COALITION expression UNTIL expression
Rule 5     expression -> COALITION GLOBALLY expression
Rule 6     expression -> COALITION NEXT expression
Rule 7     expression -> COALITION EVENTUALLY expression
Rule 8     expression -> NOT expression
Rule 9     expression -> LPAREN expression RPAREN
Rule 10    expression -> PROP

Terminals, with rules where they appear

AND                  : 1
COALITION            : 4 5 6 7
EVENTUALLY           : 7
GLOBALLY             : 5
IMPLIES              : 3
LPAREN               : 9
NEXT                 : 6
NOT                  : 8
OR                   : 2
PROP                 : 10
RPAREN               : 9
UNTIL                : 4
error                : 

Nonterminals, with rules where they appear

expression           : 1 1 2 2 3 3 4 4 5 6 7 8 9 0

Parsing method: LALR

state 0

    (0) S' -> . expression
    (1) expression -> . expression AND expression
    (2) expression -> . expression OR expression
    (3) expression -> . expression IMPLIES expression
    (4) expression -> . COALITION expression UNTIL expression
    (5) expression -> . COALITION GLOBALLY expression
    (6) expression -> . COALITION NEXT expression
    (7) expression -> . COALITION EVENTUALLY expression
    (8) expression -> . NOT expression
    (9) expression -> . LPAREN expression RPAREN
    (10) expression -> . PROP

    COALITION       shift and go to state 2
    NOT             shift and go to state 3
    LPAREN          shift and go to state 4
    PROP            shift and go to state 5

    expression                     shift and go to state 1

state 1

    (0) S' -> expression .
    (1) expression -> expression . AND expression
    (2) expression -> expression . OR expression
    (3) expression -> expression . IMPLIES expression

    AND             shift and go to state 6
    OR              shift and go to state 7
    IMPLIES         shift and go to state 8


state 2

    (4) expression -> COALITION . expression UNTIL expression
    (5) expression -> COALITION . GLOBALLY expression
    (6) expression -> COALITION . NEXT expression
    (7) expression -> COALITION . EVENTUALLY expression
    (1) expression -> . expression AND expression
    (2) expression -> . expression OR expression
    (3) expression -> . expression IMPLIES expression
    (4) expression -> . COALITION expression UNTIL expression
    (5) expression -> . COALITION GLOBALLY expression
    (6) expression -> . COALITION NEXT expression
    (7) expression -> . COALITION EVENTUALLY expression
    (8) expression -> . NOT expression
    (9) expression -> . LPAREN expression RPAREN
    (10) expression -> . PROP

    GLOBALLY        shift and go to state 10
    NEXT            shift and go to state 11
    EVENTUALLY      shift and go to state 12
    COALITION       shift and go to state 2
    NOT             shift and go to state 3
    LPAREN          shift and go to state 4
    PROP            shift and go to state 5

    expression                     shift and go to state 9

state 3

    (8) expression -> NOT . expression
    (1) expression -> . expression AND expression
    (2) expression -> . expression OR expression
    (3) expression -> . expression IMPLIES expression
    (4) expression -> . COALITION expression UNTIL expression
    (5) expression -> . COALITION GLOBALLY expression
    (6) expression -> . COALITION NEXT expression
    (7) expression -> . COALITION EVENTUALLY expression
    (8) expression -> . NOT expression
    (9) expression -> . LPAREN expression RPAREN
    (10) expression -> . PROP

    COALITION       shift and go to state 2
    NOT             shift and go to state 3
    LPAREN          shift and go to state 4
    PROP            shift and go to state 5

    expression                     shift and go to state 13

state 4

    (9) expression -> LPAREN . expression RPAREN
    (1) expression -> . expression AND expression
    (2) expression -> . expression OR expression
    (3) expression -> . expression IMPLIES expression
    (4) expression -> . COALITION expression UNTIL expression
    (5) expression -> . COALITION GLOBALLY expression
    (6) expression -> . COALITION NEXT expression
    (7) expression -> . COALITION EVENTUALLY expression
    (8) expression -> . NOT expression
    (9) expression -> . LPAREN expression RPAREN
    (10) expression -> . PROP

    COALITION       shift and go to state 2
    NOT             shift and go to state 3
    LPAREN          shift and go to state 4
    PROP            shift and go to state 5

    expression                     shift and go to state 14

state 5

    (10) expression -> PROP .

    AND             reduce using rule 10 (expression -> PROP .)
    OR              reduce using rule 10 (expression -> PROP .)
    IMPLIES         reduce using rule 10 (expression -> PROP .)
    $end            reduce using rule 10 (expression -> PROP .)
    UNTIL           reduce using rule 10 (expression -> PROP .)
    RPAREN          reduce using rule 10 (expression -> PROP .)


state 6

    (1) expression -> expression AND . expression
    (1) expression -> . expression AND expression
    (2) expression -> . expression OR expression
    (3) expression -> . expression IMPLIES expression
    (4) expression -> . COALITION expression UNTIL expression
    (5) expression -> . COALITION GLOBALLY expression
    (6) expression -> . COALITION NEXT expression
    (7) expression -> . COALITION EVENTUALLY expression
    (8) expression -> . NOT expression
    (9) expression -> . LPAREN expression RPAREN
    (10) expression -> . PROP

    COALITION       shift and go to state 2
    NOT             shift and go to state 3
    LPAREN          shift and go to state 4
    PROP            shift and go to state 5

    expression                     shift and go to state 15

state 7

    (2) expression -> expression OR . expression
    (1) expression -> . expression AND expression
    (2) expression -> . expression OR expression
    (3) expression -> . expression IMPLIES expression
    (4) expression -> . COALITION expression UNTIL expression
    (5) expression -> . COALITION GLOBALLY expression
    (6) expression -> . COALITION NEXT expression
    (7) expression -> . COALITION EVENTUALLY expression
    (8) expression -> . NOT expression
    (9) expression -> . LPAREN expression RPAREN
    (10) expression -> . PROP

    COALITION       shift and go to state 2
    NOT             shift and go to state 3
    LPAREN          shift and go to state 4
    PROP            shift and go to state 5

    expression                     shift and go to state 16

state 8

    (3) expression -> expression IMPLIES . expression
    (1) expression -> . expression AND expression
    (2) expression -> . expression OR expression
    (3) expression -> . expression IMPLIES expression
    (4) expression -> . COALITION expression UNTIL expression
    (5) expression -> . COALITION GLOBALLY expression
    (6) expression -> . COALITION NEXT expression
    (7) expression -> . COALITION EVENTUALLY expression
    (8) expression -> . NOT expression
    (9) expression -> . LPAREN expression RPAREN
    (10) expression -> . PROP

    COALITION       shift and go to state 2
    NOT             shift and go to state 3
    LPAREN          shift and go to state 4
    PROP            shift and go to state 5

    expression                     shift and go to state 17

state 9

    (4) expression -> COALITION expression . UNTIL expression
    (1) expression -> expression . AND expression
    (2) expression -> expression . OR expression
    (3) expression -> expression . IMPLIES expression

    UNTIL           shift and go to state 18
    AND             shift and go to state 6
    OR              shift and go to state 7
    IMPLIES         shift and go to state 8


state 10

    (5) expression -> COALITION GLOBALLY . expression
    (1) expression -> . expression AND expression
    (2) expression -> . expression OR expression
    (3) expression -> . expression IMPLIES expression
    (4) expression -> . COALITION expression UNTIL expression
    (5) expression -> . COALITION GLOBALLY expression
    (6) expression -> . COALITION NEXT expression
    (7) expression -> . COALITION EVENTUALLY expression
    (8) expression -> . NOT expression
    (9) expression -> . LPAREN expression RPAREN
    (10) expression -> . PROP

    COALITION       shift and go to state 2
    NOT             shift and go to state 3
    LPAREN          shift and go to state 4
    PROP            shift and go to state 5

    expression                     shift and go to state 19

state 11

    (6) expression -> COALITION NEXT . expression
    (1) expression -> . expression AND expression
    (2) expression -> . expression OR expression
    (3) expression -> . expression IMPLIES expression
    (4) expression -> . COALITION expression UNTIL expression
    (5) expression -> . COALITION GLOBALLY expression
    (6) expression -> . COALITION NEXT expression
    (7) expression -> . COALITION EVENTUALLY expression
    (8) expression -> . NOT expression
    (9) expression -> . LPAREN expression RPAREN
    (10) expression -> . PROP

    COALITION       shift and go to state 2
    NOT             shift and go to state 3
    LPAREN          shift and go to state 4
    PROP            shift and go to state 5

    expression                     shift and go to state 20

state 12

    (7) expression -> COALITION EVENTUALLY . expression
    (1) expression -> . expression AND expression
    (2) expression -> . expression OR expression
    (3) expression -> . expression IMPLIES expression
    (4) expression -> . COALITION expression UNTIL expression
    (5) expression -> . COALITION GLOBALLY expression
    (6) expression -> . COALITION NEXT expression
    (7) expression -> . COALITION EVENTUALLY expression
    (8) expression -> . NOT expression
    (9) expression -> . LPAREN expression RPAREN
    (10) expression -> . PROP

    COALITION       shift and go to state 2
    NOT             shift and go to state 3
    LPAREN          shift and go to state 4
    PROP            shift and go to state 5

    expression                     shift and go to state 21

state 13

    (8) expression -> NOT expression .
    (1) expression -> expression . AND expression
    (2) expression -> expression . OR expression
    (3) expression -> expression . IMPLIES expression

  ! shift/reduce conflict for AND resolved as shift
  ! shift/reduce conflict for OR resolved as shift
  ! shift/reduce conflict for IMPLIES resolved as shift
    $end            reduce using rule 8 (expression -> NOT expression .)
    UNTIL           reduce using rule 8 (expression -> NOT expression .)
    RPAREN          reduce using rule 8 (expression -> NOT expression .)
    AND             shift and go to state 6
    OR              shift and go to state 7
    IMPLIES         shift and go to state 8

  ! AND             [ reduce using rule 8 (expression -> NOT expression .) ]
  ! OR              [ reduce using rule 8 (expression -> NOT expression .) ]
  ! IMPLIES         [ reduce using rule 8 (expression -> NOT expression .) ]


state 14

    (9) expression -> LPAREN expression . RPAREN
    (1) expression -> expression . AND expression
    (2) expression -> expression . OR expression
    (3) expression -> expression . IMPLIES expression

    RPAREN          shift and go to state 22
    AND             shift and go to state 6
    OR              shift and go to state 7
    IMPLIES         shift and go to state 8


state 15

    (1) expression -> expression AND expression .
    (1) expression -> expression . AND expression
    (2) expression -> expression . OR expression
    (3) expression -> expression . IMPLIES expression

  ! shift/reduce conflict for AND resolved as shift
  ! shift/reduce conflict for OR resolved as shift
  ! shift/reduce conflict for IMPLIES resolved as shift
    $end            reduce using rule 1 (expression -> expression AND expression .)
    UNTIL           reduce using rule 1 (expression -> expression AND expression .)
    RPAREN          reduce using rule 1 (expression -> expression AND expression .)
    AND             shift and go to state 6
    OR              shift and go to state 7
    IMPLIES         shift and go to state 8

  ! AND             [ reduce using rule 1 (expression -> expression AND expression .) ]
  ! OR              [ reduce using rule 1 (expression -> expression AND expression .) ]
  ! IMPLIES         [ reduce using rule 1 (expression -> expression AND expression .) ]


state 16

    (2) expression -> expression OR expression .
    (1) expression -> expression . AND expression
    (2) expression -> expression . OR expression
    (3) expression -> expression . IMPLIES expression

  ! shift/reduce conflict for AND resolved as shift
  ! shift/reduce conflict for OR resolved as shift
  ! shift/reduce conflict for IMPLIES resolved as shift
    $end            reduce using rule 2 (expression -> expression OR expression .)
    UNTIL           reduce using rule 2 (expression -> expression OR expression .)
    RPAREN          reduce using rule 2 (expression -> expression OR expression .)
    AND             shift and go to state 6
    OR              shift and go to state 7
    IMPLIES         shift and go to state 8

  ! AND             [ reduce using rule 2 (expression -> expression OR expression .) ]
  ! OR              [ reduce using rule 2 (expression -> expression OR expression .) ]
  ! IMPLIES         [ reduce using rule 2 (expression -> expression OR expression .) ]


state 17

    (3) expression -> expression IMPLIES expression .
    (1) expression -> expression . AND expression
    (2) expression -> expression . OR expression
    (3) expression -> expression . IMPLIES expression

  ! shift/reduce conflict for AND resolved as shift
  ! shift/reduce conflict for OR resolved as shift
  ! shift/reduce conflict for IMPLIES resolved as shift
    $end            reduce using rule 3 (expression -> expression IMPLIES expression .)
    UNTIL           reduce using rule 3 (expression -> expression IMPLIES expression .)
    RPAREN          reduce using rule 3 (expression -> expression IMPLIES expression .)
    AND             shift and go to state 6
    OR              shift and go to state 7
    IMPLIES         shift and go to state 8

  ! AND             [ reduce using rule 3 (expression -> expression IMPLIES expression .) ]
  ! OR              [ reduce using rule 3 (expression -> expression IMPLIES expression .) ]
  ! IMPLIES         [ reduce using rule 3 (expression -> expression IMPLIES expression .) ]


state 18

    (4) expression -> COALITION expression UNTIL . expression
    (1) expression -> . expression AND expression
    (2) expression -> . expression OR expression
    (3) expression -> . expression IMPLIES expression
    (4) expression -> . COALITION expression UNTIL expression
    (5) expression -> . COALITION GLOBALLY expression
    (6) expression -> . COALITION NEXT expression
    (7) expression -> . COALITION EVENTUALLY expression
    (8) expression -> . NOT expression
    (9) expression -> . LPAREN expression RPAREN
    (10) expression -> . PROP

    COALITION       shift and go to state 2
    NOT             shift and go to state 3
    LPAREN          shift and go to state 4
    PROP            shift and go to state 5

    expression                     shift and go to state 23

state 19

    (5) expression -> COALITION GLOBALLY expression .
    (1) expression -> expression . AND expression
    (2) expression -> expression . OR expression
    (3) expression -> expression . IMPLIES expression

  ! shift/reduce conflict for AND resolved as shift
  ! shift/reduce conflict for OR resolved as shift
  ! shift/reduce conflict for IMPLIES resolved as shift
    $end            reduce using rule 5 (expression -> COALITION GLOBALLY expression .)
    UNTIL           reduce using rule 5 (expression -> COALITION GLOBALLY expression .)
    RPAREN          reduce using rule 5 (expression -> COALITION GLOBALLY expression .)
    AND             shift and go to state 6
    OR              shift and go to state 7
    IMPLIES         shift and go to state 8

  ! AND             [ reduce using rule 5 (expression -> COALITION GLOBALLY expression .) ]
  ! OR              [ reduce using rule 5 (expression -> COALITION GLOBALLY expression .) ]
  ! IMPLIES         [ reduce using rule 5 (expression -> COALITION GLOBALLY expression .) ]


state 20

    (6) expression -> COALITION NEXT expression .
    (1) expression -> expression . AND expression
    (2) expression -> expression . OR expression
    (3) expression -> expression . IMPLIES expression

  ! shift/reduce conflict for AND resolved as shift
  ! shift/reduce conflict for OR resolved as shift
  ! shift/reduce conflict for IMPLIES resolved as shift
    $end            reduce using rule 6 (expression -> COALITION NEXT expression .)
    UNTIL           reduce using rule 6 (expression -> COALITION NEXT expression .)
    RPAREN          reduce using rule 6 (expression -> COALITION NEXT expression .)
    AND             shift and go to state 6
    OR              shift and go to state 7
    IMPLIES         shift and go to state 8

  ! AND             [ reduce using rule 6 (expression -> COALITION NEXT expression .) ]
  ! OR              [ reduce using rule 6 (expression -> COALITION NEXT expression .) ]
  ! IMPLIES         [ reduce using rule 6 (expression -> COALITION NEXT expression .) ]


state 21

    (7) expression -> COALITION EVENTUALLY expression .
    (1) expression -> expression . AND expression
    (2) expression -> expression . OR expression
    (3) expression -> expression . IMPLIES expression

  ! shift/reduce conflict for AND resolved as shift
  ! shift/reduce conflict for OR resolved as shift
  ! shift/reduce conflict for IMPLIES resolved as shift
    $end            reduce using rule 7 (expression -> COALITION EVENTUALLY expression .)
    UNTIL           reduce using rule 7 (expression -> COALITION EVENTUALLY expression .)
    RPAREN          reduce using rule 7 (expression -> COALITION EVENTUALLY expression .)
    AND             shift and go to state 6
    OR              shift and go to state 7
    IMPLIES         shift and go to state 8

  ! AND             [ reduce using rule 7 (expression -> COALITION EVENTUALLY expression .) ]
  ! OR              [ reduce using rule 7 (expression -> COALITION EVENTUALLY expression .) ]
  ! IMPLIES         [ reduce using rule 7 (expression -> COALITION EVENTUALLY expression .) ]


state 22

    (9) expression -> LPAREN expression RPAREN .

    AND             reduce using rule 9 (expression -> LPAREN expression RPAREN .)
    OR              reduce using rule 9 (expression -> LPAREN expression RPAREN .)
    IMPLIES         reduce using rule 9 (expression -> LPAREN expression RPAREN .)
    $end            reduce using rule 9 (expression -> LPAREN expression RPAREN .)
    UNTIL           reduce using rule 9 (expression -> LPAREN expression RPAREN .)
    RPAREN          reduce using rule 9 (expression -> LPAREN expression RPAREN .)


state 23

    (4) expression -> COALITION expression UNTIL expression .
    (1) expression -> expression . AND expression
    (2) expression -> expression . OR expression
    (3) expression -> expression . IMPLIES expression

  ! shift/reduce conflict for AND resolved as shift
  ! shift/reduce conflict for OR resolved as shift
  ! shift/reduce conflict for IMPLIES resolved as shift
    $end            reduce using rule 4 (expression -> COALITION expression UNTIL expression .)
    UNTIL           reduce using rule 4 (expression -> COALITION expression UNTIL expression .)
    RPAREN          reduce using rule 4 (expression -> COALITION expression UNTIL expression .)
    AND             shift and go to state 6
    OR              shift and go to state 7
    IMPLIES         shift and go to state 8

  ! AND             [ reduce using rule 4 (expression -> COALITION expression UNTIL expression .) ]
  ! OR              [ reduce using rule 4 (expression -> COALITION expression UNTIL expression .) ]
  ! IMPLIES         [ reduce using rule 4 (expression -> COALITION expression UNTIL expression .) ]

WARNING: 
WARNING: Conflicts:
WARNING: 
WARNING: shift/reduce conflict for AND in state 13 resolved as shift
WARNING: shift/reduce conflict for OR in state 13 resolved as shift
WARNING: shift/reduce conflict for IMPLIES in state 13 resolved as shift
WARNING: shift/reduce conflict for AND in state 15 resolved as shift
WARNING: shift/reduce conflict for OR in state 15 resolved as shift
WARNING: shift/reduce conflict for IMPLIES in state 15 resolved as shift
WARNING: shift/reduce conflict for AND in state 16 resolved as shift
WARNING: shift/reduce conflict for OR in state 16 resolved as shift
WARNING: shift/reduce conflict for IMPLIES in state 16 resolved as shift
WARNING: shift/reduce conflict for AND in state 17 resolved as shift
WARNING: shift/reduce conflict for OR in state 17 resolved as shift
WARNING: shift/reduce conflict for IMPLIES in state 17 resolved as shift
WARNING: shift/reduce conflict for AND in state 19 resolved as shift
WARNING: shift/reduce conflict for OR in state 19 resolved as shift
WARNING: shift/reduce conflict for IMPLIES in state 19 resolved as shift
WARNING: shift/reduce conflict for AND in state 20 resolved as shift
WARNING: shift/reduce conflict for OR in state 20 resolved as shift
WARNING: shift/reduce conflict for IMPLIES in state 20 resolved as shift
WARNING: shift/reduce conflict for AND in state 21 resolved as shift
WARNING: shift/reduce conflict for OR in state 21 resolved as shift
WARNING: shift/reduce conflict for IMPLIES in state 21 resolved as shift
WARNING: shift/reduce conflict for AND in state 23 resolved as shift
WARNING: shift/reduce conflict for OR in state 23 resolved as shift
WARNING: shift/reduce conflict for IMPLIES in state 23 resolved as shift
