Created by PLY version 3.11 (http://www.dabeaz.com/ply)

Grammar

Rule 0     S' -> expression
Rule 1     expression -> expression AND expression
Rule 2     expression -> expression OR expression
Rule 3     expression -> expression IMPLIES expression
Rule 4     expression -> DEMONIC expression UNTIL expression
Rule 5     expression -> DEMONIC expression WEAK expression
Rule 6     expression -> DEMONIC expression RELEASE expression
Rule 7     expression -> DEMONIC GLOBALLY expression
Rule 8     expression -> DEMONIC NEXT expression
Rule 9     expression -> DEMONIC EVENTUALLY expression
Rule 10    expression -> NOT expression
Rule 11    expression -> LPAREN expression RPAREN
Rule 12    expression -> FALSE
Rule 13    expression -> TRUE
Rule 14    expression -> expression TIME_SEP expression
Rule 15    expression -> PROP LEQ CONST
Rule 16    expression -> PROP LESS CONST
Rule 17    expression -> PROP GEQ CONST
Rule 18    expression -> PROP GREATER CONST
Rule 19    expression -> PROP

Terminals, with rules where they appear

AND                  : 1
CONST                : 15 16 17 18
DEMONIC              : 4 5 6 7 8 9
EVENTUALLY           : 9
FALSE                : 12
GEQ                  : 17
GLOBALLY             : 7
GREATER              : 18
IMPLIES              : 3
LEQ                  : 15
LESS                 : 16
LPAREN               : 11
NEXT                 : 8
NOT                  : 10
OR                   : 2
PROP                 : 15 16 17 18 19
RELEASE              : 6
RPAREN               : 11
TIME_SEP             : 14
TRUE                 : 13
UNTIL                : 4
WEAK                 : 5
error                : 

Nonterminals, with rules where they appear

expression           : 1 1 2 2 3 3 4 4 5 5 6 6 7 8 9 10 11 14 14 0

Parsing method: LALR

state 0

    (0) S' -> . expression
    (1) expression -> . expression AND expression
    (2) expression -> . expression OR expression
    (3) expression -> . expression IMPLIES expression
    (4) expression -> . DEMONIC expression UNTIL expression
    (5) expression -> . DEMONIC expression WEAK expression
    (6) expression -> . DEMONIC expression RELEASE expression
    (7) expression -> . DEMONIC GLOBALLY expression
    (8) expression -> . DEMONIC NEXT expression
    (9) expression -> . DEMONIC EVENTUALLY expression
    (10) expression -> . NOT expression
    (11) expression -> . LPAREN expression RPAREN
    (12) expression -> . FALSE
    (13) expression -> . TRUE
    (14) expression -> . expression TIME_SEP expression
    (15) expression -> . PROP LEQ CONST
    (16) expression -> . PROP LESS CONST
    (17) expression -> . PROP GEQ CONST
    (18) expression -> . PROP GREATER CONST
    (19) expression -> . PROP

    DEMONIC         shift and go to state 2
    NOT             shift and go to state 3
    LPAREN          shift and go to state 4
    FALSE           shift and go to state 5
    TRUE            shift and go to state 6
    PROP            shift and go to state 7

    expression                     shift and go to state 1

state 1

    (0) S' -> expression .
    (1) expression -> expression . AND expression
    (2) expression -> expression . OR expression
    (3) expression -> expression . IMPLIES expression
    (14) expression -> expression . TIME_SEP expression

    AND             shift and go to state 8
    OR              shift and go to state 9
    IMPLIES         shift and go to state 10
    TIME_SEP        shift and go to state 11


state 2

    (4) expression -> DEMONIC . expression UNTIL expression
    (5) expression -> DEMONIC . expression WEAK expression
    (6) expression -> DEMONIC . expression RELEASE expression
    (7) expression -> DEMONIC . GLOBALLY expression
    (8) expression -> DEMONIC . NEXT expression
    (9) expression -> DEMONIC . EVENTUALLY expression
    (1) expression -> . expression AND expression
    (2) expression -> . expression OR expression
    (3) expression -> . expression IMPLIES expression
    (4) expression -> . DEMONIC expression UNTIL expression
    (5) expression -> . DEMONIC expression WEAK expression
    (6) expression -> . DEMONIC expression RELEASE expression
    (7) expression -> . DEMONIC GLOBALLY expression
    (8) expression -> . DEMONIC NEXT expression
    (9) expression -> . DEMONIC EVENTUALLY expression
    (10) expression -> . NOT expression
    (11) expression -> . LPAREN expression RPAREN
    (12) expression -> . FALSE
    (13) expression -> . TRUE
    (14) expression -> . expression TIME_SEP expression
    (15) expression -> . PROP LEQ CONST
    (16) expression -> . PROP LESS CONST
    (17) expression -> . PROP GEQ CONST
    (18) expression -> . PROP GREATER CONST
    (19) expression -> . PROP

    GLOBALLY        shift and go to state 13
    NEXT            shift and go to state 14
    EVENTUALLY      shift and go to state 15
    DEMONIC         shift and go to state 2
    NOT             shift and go to state 3
    LPAREN          shift and go to state 4
    FALSE           shift and go to state 5
    TRUE            shift and go to state 6
    PROP            shift and go to state 7

    expression                     shift and go to state 12

state 3

    (10) expression -> NOT . expression
    (1) expression -> . expression AND expression
    (2) expression -> . expression OR expression
    (3) expression -> . expression IMPLIES expression
    (4) expression -> . DEMONIC expression UNTIL expression
    (5) expression -> . DEMONIC expression WEAK expression
    (6) expression -> . DEMONIC expression RELEASE expression
    (7) expression -> . DEMONIC GLOBALLY expression
    (8) expression -> . DEMONIC NEXT expression
    (9) expression -> . DEMONIC EVENTUALLY expression
    (10) expression -> . NOT expression
    (11) expression -> . LPAREN expression RPAREN
    (12) expression -> . FALSE
    (13) expression -> . TRUE
    (14) expression -> . expression TIME_SEP expression
    (15) expression -> . PROP LEQ CONST
    (16) expression -> . PROP LESS CONST
    (17) expression -> . PROP GEQ CONST
    (18) expression -> . PROP GREATER CONST
    (19) expression -> . PROP

    DEMONIC         shift and go to state 2
    NOT             shift and go to state 3
    LPAREN          shift and go to state 4
    FALSE           shift and go to state 5
    TRUE            shift and go to state 6
    PROP            shift and go to state 7

    expression                     shift and go to state 16

state 4

    (11) expression -> LPAREN . expression RPAREN
    (1) expression -> . expression AND expression
    (2) expression -> . expression OR expression
    (3) expression -> . expression IMPLIES expression
    (4) expression -> . DEMONIC expression UNTIL expression
    (5) expression -> . DEMONIC expression WEAK expression
    (6) expression -> . DEMONIC expression RELEASE expression
    (7) expression -> . DEMONIC GLOBALLY expression
    (8) expression -> . DEMONIC NEXT expression
    (9) expression -> . DEMONIC EVENTUALLY expression
    (10) expression -> . NOT expression
    (11) expression -> . LPAREN expression RPAREN
    (12) expression -> . FALSE
    (13) expression -> . TRUE
    (14) expression -> . expression TIME_SEP expression
    (15) expression -> . PROP LEQ CONST
    (16) expression -> . PROP LESS CONST
    (17) expression -> . PROP GEQ CONST
    (18) expression -> . PROP GREATER CONST
    (19) expression -> . PROP

    DEMONIC         shift and go to state 2
    NOT             shift and go to state 3
    LPAREN          shift and go to state 4
    FALSE           shift and go to state 5
    TRUE            shift and go to state 6
    PROP            shift and go to state 7

    expression                     shift and go to state 17

state 5

    (12) expression -> FALSE .

    AND             reduce using rule 12 (expression -> FALSE .)
    OR              reduce using rule 12 (expression -> FALSE .)
    IMPLIES         reduce using rule 12 (expression -> FALSE .)
    TIME_SEP        reduce using rule 12 (expression -> FALSE .)
    $end            reduce using rule 12 (expression -> FALSE .)
    UNTIL           reduce using rule 12 (expression -> FALSE .)
    WEAK            reduce using rule 12 (expression -> FALSE .)
    RELEASE         reduce using rule 12 (expression -> FALSE .)
    RPAREN          reduce using rule 12 (expression -> FALSE .)


state 6

    (13) expression -> TRUE .

    AND             reduce using rule 13 (expression -> TRUE .)
    OR              reduce using rule 13 (expression -> TRUE .)
    IMPLIES         reduce using rule 13 (expression -> TRUE .)
    TIME_SEP        reduce using rule 13 (expression -> TRUE .)
    $end            reduce using rule 13 (expression -> TRUE .)
    UNTIL           reduce using rule 13 (expression -> TRUE .)
    WEAK            reduce using rule 13 (expression -> TRUE .)
    RELEASE         reduce using rule 13 (expression -> TRUE .)
    RPAREN          reduce using rule 13 (expression -> TRUE .)


state 7

    (15) expression -> PROP . LEQ CONST
    (16) expression -> PROP . LESS CONST
    (17) expression -> PROP . GEQ CONST
    (18) expression -> PROP . GREATER CONST
    (19) expression -> PROP .

    LEQ             shift and go to state 18
    LESS            shift and go to state 19
    GEQ             shift and go to state 20
    GREATER         shift and go to state 21
    AND             reduce using rule 19 (expression -> PROP .)
    OR              reduce using rule 19 (expression -> PROP .)
    IMPLIES         reduce using rule 19 (expression -> PROP .)
    TIME_SEP        reduce using rule 19 (expression -> PROP .)
    $end            reduce using rule 19 (expression -> PROP .)
    UNTIL           reduce using rule 19 (expression -> PROP .)
    WEAK            reduce using rule 19 (expression -> PROP .)
    RELEASE         reduce using rule 19 (expression -> PROP .)
    RPAREN          reduce using rule 19 (expression -> PROP .)


state 8

    (1) expression -> expression AND . expression
    (1) expression -> . expression AND expression
    (2) expression -> . expression OR expression
    (3) expression -> . expression IMPLIES expression
    (4) expression -> . DEMONIC expression UNTIL expression
    (5) expression -> . DEMONIC expression WEAK expression
    (6) expression -> . DEMONIC expression RELEASE expression
    (7) expression -> . DEMONIC GLOBALLY expression
    (8) expression -> . DEMONIC NEXT expression
    (9) expression -> . DEMONIC EVENTUALLY expression
    (10) expression -> . NOT expression
    (11) expression -> . LPAREN expression RPAREN
    (12) expression -> . FALSE
    (13) expression -> . TRUE
    (14) expression -> . expression TIME_SEP expression
    (15) expression -> . PROP LEQ CONST
    (16) expression -> . PROP LESS CONST
    (17) expression -> . PROP GEQ CONST
    (18) expression -> . PROP GREATER CONST
    (19) expression -> . PROP

    DEMONIC         shift and go to state 2
    NOT             shift and go to state 3
    LPAREN          shift and go to state 4
    FALSE           shift and go to state 5
    TRUE            shift and go to state 6
    PROP            shift and go to state 7

    expression                     shift and go to state 22

state 9

    (2) expression -> expression OR . expression
    (1) expression -> . expression AND expression
    (2) expression -> . expression OR expression
    (3) expression -> . expression IMPLIES expression
    (4) expression -> . DEMONIC expression UNTIL expression
    (5) expression -> . DEMONIC expression WEAK expression
    (6) expression -> . DEMONIC expression RELEASE expression
    (7) expression -> . DEMONIC GLOBALLY expression
    (8) expression -> . DEMONIC NEXT expression
    (9) expression -> . DEMONIC EVENTUALLY expression
    (10) expression -> . NOT expression
    (11) expression -> . LPAREN expression RPAREN
    (12) expression -> . FALSE
    (13) expression -> . TRUE
    (14) expression -> . expression TIME_SEP expression
    (15) expression -> . PROP LEQ CONST
    (16) expression -> . PROP LESS CONST
    (17) expression -> . PROP GEQ CONST
    (18) expression -> . PROP GREATER CONST
    (19) expression -> . PROP

    DEMONIC         shift and go to state 2
    NOT             shift and go to state 3
    LPAREN          shift and go to state 4
    FALSE           shift and go to state 5
    TRUE            shift and go to state 6
    PROP            shift and go to state 7

    expression                     shift and go to state 23

state 10

    (3) expression -> expression IMPLIES . expression
    (1) expression -> . expression AND expression
    (2) expression -> . expression OR expression
    (3) expression -> . expression IMPLIES expression
    (4) expression -> . DEMONIC expression UNTIL expression
    (5) expression -> . DEMONIC expression WEAK expression
    (6) expression -> . DEMONIC expression RELEASE expression
    (7) expression -> . DEMONIC GLOBALLY expression
    (8) expression -> . DEMONIC NEXT expression
    (9) expression -> . DEMONIC EVENTUALLY expression
    (10) expression -> . NOT expression
    (11) expression -> . LPAREN expression RPAREN
    (12) expression -> . FALSE
    (13) expression -> . TRUE
    (14) expression -> . expression TIME_SEP expression
    (15) expression -> . PROP LEQ CONST
    (16) expression -> . PROP LESS CONST
    (17) expression -> . PROP GEQ CONST
    (18) expression -> . PROP GREATER CONST
    (19) expression -> . PROP

    DEMONIC         shift and go to state 2
    NOT             shift and go to state 3
    LPAREN          shift and go to state 4
    FALSE           shift and go to state 5
    TRUE            shift and go to state 6
    PROP            shift and go to state 7

    expression                     shift and go to state 24

state 11

    (14) expression -> expression TIME_SEP . expression
    (1) expression -> . expression AND expression
    (2) expression -> . expression OR expression
    (3) expression -> . expression IMPLIES expression
    (4) expression -> . DEMONIC expression UNTIL expression
    (5) expression -> . DEMONIC expression WEAK expression
    (6) expression -> . DEMONIC expression RELEASE expression
    (7) expression -> . DEMONIC GLOBALLY expression
    (8) expression -> . DEMONIC NEXT expression
    (9) expression -> . DEMONIC EVENTUALLY expression
    (10) expression -> . NOT expression
    (11) expression -> . LPAREN expression RPAREN
    (12) expression -> . FALSE
    (13) expression -> . TRUE
    (14) expression -> . expression TIME_SEP expression
    (15) expression -> . PROP LEQ CONST
    (16) expression -> . PROP LESS CONST
    (17) expression -> . PROP GEQ CONST
    (18) expression -> . PROP GREATER CONST
    (19) expression -> . PROP

    DEMONIC         shift and go to state 2
    NOT             shift and go to state 3
    LPAREN          shift and go to state 4
    FALSE           shift and go to state 5
    TRUE            shift and go to state 6
    PROP            shift and go to state 7

    expression                     shift and go to state 25

state 12

    (4) expression -> DEMONIC expression . UNTIL expression
    (5) expression -> DEMONIC expression . WEAK expression
    (6) expression -> DEMONIC expression . RELEASE expression
    (1) expression -> expression . AND expression
    (2) expression -> expression . OR expression
    (3) expression -> expression . IMPLIES expression
    (14) expression -> expression . TIME_SEP expression

    UNTIL           shift and go to state 26
    WEAK            shift and go to state 27
    RELEASE         shift and go to state 28
    AND             shift and go to state 8
    OR              shift and go to state 9
    IMPLIES         shift and go to state 10
    TIME_SEP        shift and go to state 11


state 13

    (7) expression -> DEMONIC GLOBALLY . expression
    (1) expression -> . expression AND expression
    (2) expression -> . expression OR expression
    (3) expression -> . expression IMPLIES expression
    (4) expression -> . DEMONIC expression UNTIL expression
    (5) expression -> . DEMONIC expression WEAK expression
    (6) expression -> . DEMONIC expression RELEASE expression
    (7) expression -> . DEMONIC GLOBALLY expression
    (8) expression -> . DEMONIC NEXT expression
    (9) expression -> . DEMONIC EVENTUALLY expression
    (10) expression -> . NOT expression
    (11) expression -> . LPAREN expression RPAREN
    (12) expression -> . FALSE
    (13) expression -> . TRUE
    (14) expression -> . expression TIME_SEP expression
    (15) expression -> . PROP LEQ CONST
    (16) expression -> . PROP LESS CONST
    (17) expression -> . PROP GEQ CONST
    (18) expression -> . PROP GREATER CONST
    (19) expression -> . PROP

    DEMONIC         shift and go to state 2
    NOT             shift and go to state 3
    LPAREN          shift and go to state 4
    FALSE           shift and go to state 5
    TRUE            shift and go to state 6
    PROP            shift and go to state 7

    expression                     shift and go to state 29

state 14

    (8) expression -> DEMONIC NEXT . expression
    (1) expression -> . expression AND expression
    (2) expression -> . expression OR expression
    (3) expression -> . expression IMPLIES expression
    (4) expression -> . DEMONIC expression UNTIL expression
    (5) expression -> . DEMONIC expression WEAK expression
    (6) expression -> . DEMONIC expression RELEASE expression
    (7) expression -> . DEMONIC GLOBALLY expression
    (8) expression -> . DEMONIC NEXT expression
    (9) expression -> . DEMONIC EVENTUALLY expression
    (10) expression -> . NOT expression
    (11) expression -> . LPAREN expression RPAREN
    (12) expression -> . FALSE
    (13) expression -> . TRUE
    (14) expression -> . expression TIME_SEP expression
    (15) expression -> . PROP LEQ CONST
    (16) expression -> . PROP LESS CONST
    (17) expression -> . PROP GEQ CONST
    (18) expression -> . PROP GREATER CONST
    (19) expression -> . PROP

    DEMONIC         shift and go to state 2
    NOT             shift and go to state 3
    LPAREN          shift and go to state 4
    FALSE           shift and go to state 5
    TRUE            shift and go to state 6
    PROP            shift and go to state 7

    expression                     shift and go to state 30

state 15

    (9) expression -> DEMONIC EVENTUALLY . expression
    (1) expression -> . expression AND expression
    (2) expression -> . expression OR expression
    (3) expression -> . expression IMPLIES expression
    (4) expression -> . DEMONIC expression UNTIL expression
    (5) expression -> . DEMONIC expression WEAK expression
    (6) expression -> . DEMONIC expression RELEASE expression
    (7) expression -> . DEMONIC GLOBALLY expression
    (8) expression -> . DEMONIC NEXT expression
    (9) expression -> . DEMONIC EVENTUALLY expression
    (10) expression -> . NOT expression
    (11) expression -> . LPAREN expression RPAREN
    (12) expression -> . FALSE
    (13) expression -> . TRUE
    (14) expression -> . expression TIME_SEP expression
    (15) expression -> . PROP LEQ CONST
    (16) expression -> . PROP LESS CONST
    (17) expression -> . PROP GEQ CONST
    (18) expression -> . PROP GREATER CONST
    (19) expression -> . PROP

    DEMONIC         shift and go to state 2
    NOT             shift and go to state 3
    LPAREN          shift and go to state 4
    FALSE           shift and go to state 5
    TRUE            shift and go to state 6
    PROP            shift and go to state 7

    expression                     shift and go to state 31

state 16

    (10) expression -> NOT expression .
    (1) expression -> expression . AND expression
    (2) expression -> expression . OR expression
    (3) expression -> expression . IMPLIES expression
    (14) expression -> expression . TIME_SEP expression

    AND             reduce using rule 10 (expression -> NOT expression .)
    OR              reduce using rule 10 (expression -> NOT expression .)
    IMPLIES         reduce using rule 10 (expression -> NOT expression .)
    TIME_SEP        reduce using rule 10 (expression -> NOT expression .)
    $end            reduce using rule 10 (expression -> NOT expression .)
    UNTIL           reduce using rule 10 (expression -> NOT expression .)
    WEAK            reduce using rule 10 (expression -> NOT expression .)
    RELEASE         reduce using rule 10 (expression -> NOT expression .)
    RPAREN          reduce using rule 10 (expression -> NOT expression .)

  ! AND             [ shift and go to state 8 ]
  ! OR              [ shift and go to state 9 ]
  ! IMPLIES         [ shift and go to state 10 ]
  ! TIME_SEP        [ shift and go to state 11 ]


state 17

    (11) expression -> LPAREN expression . RPAREN
    (1) expression -> expression . AND expression
    (2) expression -> expression . OR expression
    (3) expression -> expression . IMPLIES expression
    (14) expression -> expression . TIME_SEP expression

    RPAREN          shift and go to state 32
    AND             shift and go to state 8
    OR              shift and go to state 9
    IMPLIES         shift and go to state 10
    TIME_SEP        shift and go to state 11


state 18

    (15) expression -> PROP LEQ . CONST

    CONST           shift and go to state 33


state 19

    (16) expression -> PROP LESS . CONST

    CONST           shift and go to state 34


state 20

    (17) expression -> PROP GEQ . CONST

    CONST           shift and go to state 35


state 21

    (18) expression -> PROP GREATER . CONST

    CONST           shift and go to state 36


state 22

    (1) expression -> expression AND expression .
    (1) expression -> expression . AND expression
    (2) expression -> expression . OR expression
    (3) expression -> expression . IMPLIES expression
    (14) expression -> expression . TIME_SEP expression

  ! shift/reduce conflict for AND resolved as shift
  ! shift/reduce conflict for OR resolved as shift
  ! shift/reduce conflict for IMPLIES resolved as shift
  ! shift/reduce conflict for TIME_SEP resolved as shift
    $end            reduce using rule 1 (expression -> expression AND expression .)
    UNTIL           reduce using rule 1 (expression -> expression AND expression .)
    WEAK            reduce using rule 1 (expression -> expression AND expression .)
    RELEASE         reduce using rule 1 (expression -> expression AND expression .)
    RPAREN          reduce using rule 1 (expression -> expression AND expression .)
    AND             shift and go to state 8
    OR              shift and go to state 9
    IMPLIES         shift and go to state 10
    TIME_SEP        shift and go to state 11

  ! AND             [ reduce using rule 1 (expression -> expression AND expression .) ]
  ! OR              [ reduce using rule 1 (expression -> expression AND expression .) ]
  ! IMPLIES         [ reduce using rule 1 (expression -> expression AND expression .) ]
  ! TIME_SEP        [ reduce using rule 1 (expression -> expression AND expression .) ]


state 23

    (2) expression -> expression OR expression .
    (1) expression -> expression . AND expression
    (2) expression -> expression . OR expression
    (3) expression -> expression . IMPLIES expression
    (14) expression -> expression . TIME_SEP expression

  ! shift/reduce conflict for AND resolved as shift
  ! shift/reduce conflict for OR resolved as shift
  ! shift/reduce conflict for IMPLIES resolved as shift
  ! shift/reduce conflict for TIME_SEP resolved as shift
    $end            reduce using rule 2 (expression -> expression OR expression .)
    UNTIL           reduce using rule 2 (expression -> expression OR expression .)
    WEAK            reduce using rule 2 (expression -> expression OR expression .)
    RELEASE         reduce using rule 2 (expression -> expression OR expression .)
    RPAREN          reduce using rule 2 (expression -> expression OR expression .)
    AND             shift and go to state 8
    OR              shift and go to state 9
    IMPLIES         shift and go to state 10
    TIME_SEP        shift and go to state 11

  ! AND             [ reduce using rule 2 (expression -> expression OR expression .) ]
  ! OR              [ reduce using rule 2 (expression -> expression OR expression .) ]
  ! IMPLIES         [ reduce using rule 2 (expression -> expression OR expression .) ]
  ! TIME_SEP        [ reduce using rule 2 (expression -> expression OR expression .) ]


state 24

    (3) expression -> expression IMPLIES expression .
    (1) expression -> expression . AND expression
    (2) expression -> expression . OR expression
    (3) expression -> expression . IMPLIES expression
    (14) expression -> expression . TIME_SEP expression

  ! shift/reduce conflict for AND resolved as shift
  ! shift/reduce conflict for OR resolved as shift
  ! shift/reduce conflict for IMPLIES resolved as shift
  ! shift/reduce conflict for TIME_SEP resolved as shift
    $end            reduce using rule 3 (expression -> expression IMPLIES expression .)
    UNTIL           reduce using rule 3 (expression -> expression IMPLIES expression .)
    WEAK            reduce using rule 3 (expression -> expression IMPLIES expression .)
    RELEASE         reduce using rule 3 (expression -> expression IMPLIES expression .)
    RPAREN          reduce using rule 3 (expression -> expression IMPLIES expression .)
    AND             shift and go to state 8
    OR              shift and go to state 9
    IMPLIES         shift and go to state 10
    TIME_SEP        shift and go to state 11

  ! AND             [ reduce using rule 3 (expression -> expression IMPLIES expression .) ]
  ! OR              [ reduce using rule 3 (expression -> expression IMPLIES expression .) ]
  ! IMPLIES         [ reduce using rule 3 (expression -> expression IMPLIES expression .) ]
  ! TIME_SEP        [ reduce using rule 3 (expression -> expression IMPLIES expression .) ]


state 25

    (14) expression -> expression TIME_SEP expression .
    (1) expression -> expression . AND expression
    (2) expression -> expression . OR expression
    (3) expression -> expression . IMPLIES expression
    (14) expression -> expression . TIME_SEP expression

  ! shift/reduce conflict for AND resolved as shift
  ! shift/reduce conflict for OR resolved as shift
  ! shift/reduce conflict for IMPLIES resolved as shift
  ! shift/reduce conflict for TIME_SEP resolved as shift
    $end            reduce using rule 14 (expression -> expression TIME_SEP expression .)
    UNTIL           reduce using rule 14 (expression -> expression TIME_SEP expression .)
    WEAK            reduce using rule 14 (expression -> expression TIME_SEP expression .)
    RELEASE         reduce using rule 14 (expression -> expression TIME_SEP expression .)
    RPAREN          reduce using rule 14 (expression -> expression TIME_SEP expression .)
    AND             shift and go to state 8
    OR              shift and go to state 9
    IMPLIES         shift and go to state 10
    TIME_SEP        shift and go to state 11

  ! AND             [ reduce using rule 14 (expression -> expression TIME_SEP expression .) ]
  ! OR              [ reduce using rule 14 (expression -> expression TIME_SEP expression .) ]
  ! IMPLIES         [ reduce using rule 14 (expression -> expression TIME_SEP expression .) ]
  ! TIME_SEP        [ reduce using rule 14 (expression -> expression TIME_SEP expression .) ]


state 26

    (4) expression -> DEMONIC expression UNTIL . expression
    (1) expression -> . expression AND expression
    (2) expression -> . expression OR expression
    (3) expression -> . expression IMPLIES expression
    (4) expression -> . DEMONIC expression UNTIL expression
    (5) expression -> . DEMONIC expression WEAK expression
    (6) expression -> . DEMONIC expression RELEASE expression
    (7) expression -> . DEMONIC GLOBALLY expression
    (8) expression -> . DEMONIC NEXT expression
    (9) expression -> . DEMONIC EVENTUALLY expression
    (10) expression -> . NOT expression
    (11) expression -> . LPAREN expression RPAREN
    (12) expression -> . FALSE
    (13) expression -> . TRUE
    (14) expression -> . expression TIME_SEP expression
    (15) expression -> . PROP LEQ CONST
    (16) expression -> . PROP LESS CONST
    (17) expression -> . PROP GEQ CONST
    (18) expression -> . PROP GREATER CONST
    (19) expression -> . PROP

    DEMONIC         shift and go to state 2
    NOT             shift and go to state 3
    LPAREN          shift and go to state 4
    FALSE           shift and go to state 5
    TRUE            shift and go to state 6
    PROP            shift and go to state 7

    expression                     shift and go to state 37

state 27

    (5) expression -> DEMONIC expression WEAK . expression
    (1) expression -> . expression AND expression
    (2) expression -> . expression OR expression
    (3) expression -> . expression IMPLIES expression
    (4) expression -> . DEMONIC expression UNTIL expression
    (5) expression -> . DEMONIC expression WEAK expression
    (6) expression -> . DEMONIC expression RELEASE expression
    (7) expression -> . DEMONIC GLOBALLY expression
    (8) expression -> . DEMONIC NEXT expression
    (9) expression -> . DEMONIC EVENTUALLY expression
    (10) expression -> . NOT expression
    (11) expression -> . LPAREN expression RPAREN
    (12) expression -> . FALSE
    (13) expression -> . TRUE
    (14) expression -> . expression TIME_SEP expression
    (15) expression -> . PROP LEQ CONST
    (16) expression -> . PROP LESS CONST
    (17) expression -> . PROP GEQ CONST
    (18) expression -> . PROP GREATER CONST
    (19) expression -> . PROP

    DEMONIC         shift and go to state 2
    NOT             shift and go to state 3
    LPAREN          shift and go to state 4
    FALSE           shift and go to state 5
    TRUE            shift and go to state 6
    PROP            shift and go to state 7

    expression                     shift and go to state 38

state 28

    (6) expression -> DEMONIC expression RELEASE . expression
    (1) expression -> . expression AND expression
    (2) expression -> . expression OR expression
    (3) expression -> . expression IMPLIES expression
    (4) expression -> . DEMONIC expression UNTIL expression
    (5) expression -> . DEMONIC expression WEAK expression
    (6) expression -> . DEMONIC expression RELEASE expression
    (7) expression -> . DEMONIC GLOBALLY expression
    (8) expression -> . DEMONIC NEXT expression
    (9) expression -> . DEMONIC EVENTUALLY expression
    (10) expression -> . NOT expression
    (11) expression -> . LPAREN expression RPAREN
    (12) expression -> . FALSE
    (13) expression -> . TRUE
    (14) expression -> . expression TIME_SEP expression
    (15) expression -> . PROP LEQ CONST
    (16) expression -> . PROP LESS CONST
    (17) expression -> . PROP GEQ CONST
    (18) expression -> . PROP GREATER CONST
    (19) expression -> . PROP

    DEMONIC         shift and go to state 2
    NOT             shift and go to state 3
    LPAREN          shift and go to state 4
    FALSE           shift and go to state 5
    TRUE            shift and go to state 6
    PROP            shift and go to state 7

    expression                     shift and go to state 39

state 29

    (7) expression -> DEMONIC GLOBALLY expression .
    (1) expression -> expression . AND expression
    (2) expression -> expression . OR expression
    (3) expression -> expression . IMPLIES expression
    (14) expression -> expression . TIME_SEP expression

  ! shift/reduce conflict for AND resolved as shift
  ! shift/reduce conflict for OR resolved as shift
  ! shift/reduce conflict for IMPLIES resolved as shift
  ! shift/reduce conflict for TIME_SEP resolved as shift
    $end            reduce using rule 7 (expression -> DEMONIC GLOBALLY expression .)
    UNTIL           reduce using rule 7 (expression -> DEMONIC GLOBALLY expression .)
    WEAK            reduce using rule 7 (expression -> DEMONIC GLOBALLY expression .)
    RELEASE         reduce using rule 7 (expression -> DEMONIC GLOBALLY expression .)
    RPAREN          reduce using rule 7 (expression -> DEMONIC GLOBALLY expression .)
    AND             shift and go to state 8
    OR              shift and go to state 9
    IMPLIES         shift and go to state 10
    TIME_SEP        shift and go to state 11

  ! AND             [ reduce using rule 7 (expression -> DEMONIC GLOBALLY expression .) ]
  ! OR              [ reduce using rule 7 (expression -> DEMONIC GLOBALLY expression .) ]
  ! IMPLIES         [ reduce using rule 7 (expression -> DEMONIC GLOBALLY expression .) ]
  ! TIME_SEP        [ reduce using rule 7 (expression -> DEMONIC GLOBALLY expression .) ]


state 30

    (8) expression -> DEMONIC NEXT expression .
    (1) expression -> expression . AND expression
    (2) expression -> expression . OR expression
    (3) expression -> expression . IMPLIES expression
    (14) expression -> expression . TIME_SEP expression

  ! shift/reduce conflict for AND resolved as shift
  ! shift/reduce conflict for OR resolved as shift
  ! shift/reduce conflict for IMPLIES resolved as shift
  ! shift/reduce conflict for TIME_SEP resolved as shift
    $end            reduce using rule 8 (expression -> DEMONIC NEXT expression .)
    UNTIL           reduce using rule 8 (expression -> DEMONIC NEXT expression .)
    WEAK            reduce using rule 8 (expression -> DEMONIC NEXT expression .)
    RELEASE         reduce using rule 8 (expression -> DEMONIC NEXT expression .)
    RPAREN          reduce using rule 8 (expression -> DEMONIC NEXT expression .)
    AND             shift and go to state 8
    OR              shift and go to state 9
    IMPLIES         shift and go to state 10
    TIME_SEP        shift and go to state 11

  ! AND             [ reduce using rule 8 (expression -> DEMONIC NEXT expression .) ]
  ! OR              [ reduce using rule 8 (expression -> DEMONIC NEXT expression .) ]
  ! IMPLIES         [ reduce using rule 8 (expression -> DEMONIC NEXT expression .) ]
  ! TIME_SEP        [ reduce using rule 8 (expression -> DEMONIC NEXT expression .) ]


state 31

    (9) expression -> DEMONIC EVENTUALLY expression .
    (1) expression -> expression . AND expression
    (2) expression -> expression . OR expression
    (3) expression -> expression . IMPLIES expression
    (14) expression -> expression . TIME_SEP expression

  ! shift/reduce conflict for AND resolved as shift
  ! shift/reduce conflict for OR resolved as shift
  ! shift/reduce conflict for IMPLIES resolved as shift
  ! shift/reduce conflict for TIME_SEP resolved as shift
    $end            reduce using rule 9 (expression -> DEMONIC EVENTUALLY expression .)
    UNTIL           reduce using rule 9 (expression -> DEMONIC EVENTUALLY expression .)
    WEAK            reduce using rule 9 (expression -> DEMONIC EVENTUALLY expression .)
    RELEASE         reduce using rule 9 (expression -> DEMONIC EVENTUALLY expression .)
    RPAREN          reduce using rule 9 (expression -> DEMONIC EVENTUALLY expression .)
    AND             shift and go to state 8
    OR              shift and go to state 9
    IMPLIES         shift and go to state 10
    TIME_SEP        shift and go to state 11

  ! AND             [ reduce using rule 9 (expression -> DEMONIC EVENTUALLY expression .) ]
  ! OR              [ reduce using rule 9 (expression -> DEMONIC EVENTUALLY expression .) ]
  ! IMPLIES         [ reduce using rule 9 (expression -> DEMONIC EVENTUALLY expression .) ]
  ! TIME_SEP        [ reduce using rule 9 (expression -> DEMONIC EVENTUALLY expression .) ]


state 32

    (11) expression -> LPAREN expression RPAREN .

    AND             reduce using rule 11 (expression -> LPAREN expression RPAREN .)
    OR              reduce using rule 11 (expression -> LPAREN expression RPAREN .)
    IMPLIES         reduce using rule 11 (expression -> LPAREN expression RPAREN .)
    TIME_SEP        reduce using rule 11 (expression -> LPAREN expression RPAREN .)
    $end            reduce using rule 11 (expression -> LPAREN expression RPAREN .)
    UNTIL           reduce using rule 11 (expression -> LPAREN expression RPAREN .)
    WEAK            reduce using rule 11 (expression -> LPAREN expression RPAREN .)
    RELEASE         reduce using rule 11 (expression -> LPAREN expression RPAREN .)
    RPAREN          reduce using rule 11 (expression -> LPAREN expression RPAREN .)


state 33

    (15) expression -> PROP LEQ CONST .

    AND             reduce using rule 15 (expression -> PROP LEQ CONST .)
    OR              reduce using rule 15 (expression -> PROP LEQ CONST .)
    IMPLIES         reduce using rule 15 (expression -> PROP LEQ CONST .)
    TIME_SEP        reduce using rule 15 (expression -> PROP LEQ CONST .)
    $end            reduce using rule 15 (expression -> PROP LEQ CONST .)
    UNTIL           reduce using rule 15 (expression -> PROP LEQ CONST .)
    WEAK            reduce using rule 15 (expression -> PROP LEQ CONST .)
    RELEASE         reduce using rule 15 (expression -> PROP LEQ CONST .)
    RPAREN          reduce using rule 15 (expression -> PROP LEQ CONST .)


state 34

    (16) expression -> PROP LESS CONST .

    AND             reduce using rule 16 (expression -> PROP LESS CONST .)
    OR              reduce using rule 16 (expression -> PROP LESS CONST .)
    IMPLIES         reduce using rule 16 (expression -> PROP LESS CONST .)
    TIME_SEP        reduce using rule 16 (expression -> PROP LESS CONST .)
    $end            reduce using rule 16 (expression -> PROP LESS CONST .)
    UNTIL           reduce using rule 16 (expression -> PROP LESS CONST .)
    WEAK            reduce using rule 16 (expression -> PROP LESS CONST .)
    RELEASE         reduce using rule 16 (expression -> PROP LESS CONST .)
    RPAREN          reduce using rule 16 (expression -> PROP LESS CONST .)


state 35

    (17) expression -> PROP GEQ CONST .

    AND             reduce using rule 17 (expression -> PROP GEQ CONST .)
    OR              reduce using rule 17 (expression -> PROP GEQ CONST .)
    IMPLIES         reduce using rule 17 (expression -> PROP GEQ CONST .)
    TIME_SEP        reduce using rule 17 (expression -> PROP GEQ CONST .)
    $end            reduce using rule 17 (expression -> PROP GEQ CONST .)
    UNTIL           reduce using rule 17 (expression -> PROP GEQ CONST .)
    WEAK            reduce using rule 17 (expression -> PROP GEQ CONST .)
    RELEASE         reduce using rule 17 (expression -> PROP GEQ CONST .)
    RPAREN          reduce using rule 17 (expression -> PROP GEQ CONST .)


state 36

    (18) expression -> PROP GREATER CONST .

    AND             reduce using rule 18 (expression -> PROP GREATER CONST .)
    OR              reduce using rule 18 (expression -> PROP GREATER CONST .)
    IMPLIES         reduce using rule 18 (expression -> PROP GREATER CONST .)
    TIME_SEP        reduce using rule 18 (expression -> PROP GREATER CONST .)
    $end            reduce using rule 18 (expression -> PROP GREATER CONST .)
    UNTIL           reduce using rule 18 (expression -> PROP GREATER CONST .)
    WEAK            reduce using rule 18 (expression -> PROP GREATER CONST .)
    RELEASE         reduce using rule 18 (expression -> PROP GREATER CONST .)
    RPAREN          reduce using rule 18 (expression -> PROP GREATER CONST .)


state 37

    (4) expression -> DEMONIC expression UNTIL expression .
    (1) expression -> expression . AND expression
    (2) expression -> expression . OR expression
    (3) expression -> expression . IMPLIES expression
    (14) expression -> expression . TIME_SEP expression

  ! shift/reduce conflict for AND resolved as shift
  ! shift/reduce conflict for OR resolved as shift
  ! shift/reduce conflict for IMPLIES resolved as shift
  ! shift/reduce conflict for TIME_SEP resolved as shift
    $end            reduce using rule 4 (expression -> DEMONIC expression UNTIL expression .)
    UNTIL           reduce using rule 4 (expression -> DEMONIC expression UNTIL expression .)
    WEAK            reduce using rule 4 (expression -> DEMONIC expression UNTIL expression .)
    RELEASE         reduce using rule 4 (expression -> DEMONIC expression UNTIL expression .)
    RPAREN          reduce using rule 4 (expression -> DEMONIC expression UNTIL expression .)
    AND             shift and go to state 8
    OR              shift and go to state 9
    IMPLIES         shift and go to state 10
    TIME_SEP        shift and go to state 11

  ! AND             [ reduce using rule 4 (expression -> DEMONIC expression UNTIL expression .) ]
  ! OR              [ reduce using rule 4 (expression -> DEMONIC expression UNTIL expression .) ]
  ! IMPLIES         [ reduce using rule 4 (expression -> DEMONIC expression UNTIL expression .) ]
  ! TIME_SEP        [ reduce using rule 4 (expression -> DEMONIC expression UNTIL expression .) ]


state 38

    (5) expression -> DEMONIC expression WEAK expression .
    (1) expression -> expression . AND expression
    (2) expression -> expression . OR expression
    (3) expression -> expression . IMPLIES expression
    (14) expression -> expression . TIME_SEP expression

  ! shift/reduce conflict for AND resolved as shift
  ! shift/reduce conflict for OR resolved as shift
  ! shift/reduce conflict for IMPLIES resolved as shift
  ! shift/reduce conflict for TIME_SEP resolved as shift
    $end            reduce using rule 5 (expression -> DEMONIC expression WEAK expression .)
    UNTIL           reduce using rule 5 (expression -> DEMONIC expression WEAK expression .)
    WEAK            reduce using rule 5 (expression -> DEMONIC expression WEAK expression .)
    RELEASE         reduce using rule 5 (expression -> DEMONIC expression WEAK expression .)
    RPAREN          reduce using rule 5 (expression -> DEMONIC expression WEAK expression .)
    AND             shift and go to state 8
    OR              shift and go to state 9
    IMPLIES         shift and go to state 10
    TIME_SEP        shift and go to state 11

  ! AND             [ reduce using rule 5 (expression -> DEMONIC expression WEAK expression .) ]
  ! OR              [ reduce using rule 5 (expression -> DEMONIC expression WEAK expression .) ]
  ! IMPLIES         [ reduce using rule 5 (expression -> DEMONIC expression WEAK expression .) ]
  ! TIME_SEP        [ reduce using rule 5 (expression -> DEMONIC expression WEAK expression .) ]


state 39

    (6) expression -> DEMONIC expression RELEASE expression .
    (1) expression -> expression . AND expression
    (2) expression -> expression . OR expression
    (3) expression -> expression . IMPLIES expression
    (14) expression -> expression . TIME_SEP expression

  ! shift/reduce conflict for AND resolved as shift
  ! shift/reduce conflict for OR resolved as shift
  ! shift/reduce conflict for IMPLIES resolved as shift
  ! shift/reduce conflict for TIME_SEP resolved as shift
    $end            reduce using rule 6 (expression -> DEMONIC expression RELEASE expression .)
    UNTIL           reduce using rule 6 (expression -> DEMONIC expression RELEASE expression .)
    WEAK            reduce using rule 6 (expression -> DEMONIC expression RELEASE expression .)
    RELEASE         reduce using rule 6 (expression -> DEMONIC expression RELEASE expression .)
    RPAREN          reduce using rule 6 (expression -> DEMONIC expression RELEASE expression .)
    AND             shift and go to state 8
    OR              shift and go to state 9
    IMPLIES         shift and go to state 10
    TIME_SEP        shift and go to state 11

  ! AND             [ reduce using rule 6 (expression -> DEMONIC expression RELEASE expression .) ]
  ! OR              [ reduce using rule 6 (expression -> DEMONIC expression RELEASE expression .) ]
  ! IMPLIES         [ reduce using rule 6 (expression -> DEMONIC expression RELEASE expression .) ]
  ! TIME_SEP        [ reduce using rule 6 (expression -> DEMONIC expression RELEASE expression .) ]

WARNING: 
WARNING: Conflicts:
WARNING: 
WARNING: shift/reduce conflict for AND in state 22 resolved as shift
WARNING: shift/reduce conflict for OR in state 22 resolved as shift
WARNING: shift/reduce conflict for IMPLIES in state 22 resolved as shift
WARNING: shift/reduce conflict for TIME_SEP in state 22 resolved as shift
WARNING: shift/reduce conflict for AND in state 23 resolved as shift
WARNING: shift/reduce conflict for OR in state 23 resolved as shift
WARNING: shift/reduce conflict for IMPLIES in state 23 resolved as shift
WARNING: shift/reduce conflict for TIME_SEP in state 23 resolved as shift
WARNING: shift/reduce conflict for AND in state 24 resolved as shift
WARNING: shift/reduce conflict for OR in state 24 resolved as shift
WARNING: shift/reduce conflict for IMPLIES in state 24 resolved as shift
WARNING: shift/reduce conflict for TIME_SEP in state 24 resolved as shift
WARNING: shift/reduce conflict for AND in state 25 resolved as shift
WARNING: shift/reduce conflict for OR in state 25 resolved as shift
WARNING: shift/reduce conflict for IMPLIES in state 25 resolved as shift
WARNING: shift/reduce conflict for TIME_SEP in state 25 resolved as shift
WARNING: shift/reduce conflict for AND in state 29 resolved as shift
WARNING: shift/reduce conflict for OR in state 29 resolved as shift
WARNING: shift/reduce conflict for IMPLIES in state 29 resolved as shift
WARNING: shift/reduce conflict for TIME_SEP in state 29 resolved as shift
WARNING: shift/reduce conflict for AND in state 30 resolved as shift
WARNING: shift/reduce conflict for OR in state 30 resolved as shift
WARNING: shift/reduce conflict for IMPLIES in state 30 resolved as shift
WARNING: shift/reduce conflict for TIME_SEP in state 30 resolved as shift
WARNING: shift/reduce conflict for AND in state 31 resolved as shift
WARNING: shift/reduce conflict for OR in state 31 resolved as shift
WARNING: shift/reduce conflict for IMPLIES in state 31 resolved as shift
WARNING: shift/reduce conflict for TIME_SEP in state 31 resolved as shift
WARNING: shift/reduce conflict for AND in state 37 resolved as shift
WARNING: shift/reduce conflict for OR in state 37 resolved as shift
WARNING: shift/reduce conflict for IMPLIES in state 37 resolved as shift
WARNING: shift/reduce conflict for TIME_SEP in state 37 resolved as shift
WARNING: shift/reduce conflict for AND in state 38 resolved as shift
WARNING: shift/reduce conflict for OR in state 38 resolved as shift
WARNING: shift/reduce conflict for IMPLIES in state 38 resolved as shift
WARNING: shift/reduce conflict for TIME_SEP in state 38 resolved as shift
WARNING: shift/reduce conflict for AND in state 39 resolved as shift
WARNING: shift/reduce conflict for OR in state 39 resolved as shift
WARNING: shift/reduce conflict for IMPLIES in state 39 resolved as shift
WARNING: shift/reduce conflict for TIME_SEP in state 39 resolved as shift
