Created by PLY version 3.11 (http://www.dabeaz.com/ply)

Grammar

Rule 0     S' -> expression
Rule 1     expression -> expression AND expression
Rule 2     expression -> expression OR expression
Rule 3     expression -> expression IMPLIES expression
Rule 4     expression -> FORALL expression UNTIL expression
Rule 5     expression -> EXIST expression UNTIL expression
Rule 6     expression -> FORALL GLOBALLY expression
Rule 7     expression -> FORALL EVENTUALLY expression
Rule 8     expression -> EXIST GLOBALLY expression
Rule 9     expression -> EXIST EVENTUALLY expression
Rule 10    expression -> NOT expression
Rule 11    expression -> LPAREN expression RPAREN
Rule 12    expression -> PROP TIME_SEP expression
Rule 13    expression -> LPAREN expression RPAREN TIME_SEP expression
Rule 14    expression -> PROP
Rule 15    expression -> PROP LEQ CONST
Rule 16    expression -> PROP LESS CONST
Rule 17    expression -> PROP GEQ CONST
Rule 18    expression -> PROP GREATER CONST

Terminals, with rules where they appear

AND                  : 1
CONST                : 15 16 17 18
EVENTUALLY           : 7 9
EXIST                : 5 8 9
FORALL               : 4 6 7
GEQ                  : 17
GLOBALLY             : 6 8
GREATER              : 18
IMPLIES              : 3
LEQ                  : 15
LESS                 : 16
LPAREN               : 11 13
NOT                  : 10
OR                   : 2
PROP                 : 12 14 15 16 17 18
RPAREN               : 11 13
TIME_SEP             : 12 13
UNTIL                : 4 5
error                : 

Nonterminals, with rules where they appear

expression           : 1 1 2 2 3 3 4 4 5 5 6 7 8 9 10 11 12 13 13 0

Parsing method: LALR

state 0

    (0) S' -> . expression
    (1) expression -> . expression AND expression
    (2) expression -> . expression OR expression
    (3) expression -> . expression IMPLIES expression
    (4) expression -> . FORALL expression UNTIL expression
    (5) expression -> . EXIST expression UNTIL expression
    (6) expression -> . FORALL GLOBALLY expression
    (7) expression -> . FORALL EVENTUALLY expression
    (8) expression -> . EXIST GLOBALLY expression
    (9) expression -> . EXIST EVENTUALLY expression
    (10) expression -> . NOT expression
    (11) expression -> . LPAREN expression RPAREN
    (12) expression -> . PROP TIME_SEP expression
    (13) expression -> . LPAREN expression RPAREN TIME_SEP expression
    (14) expression -> . PROP
    (15) expression -> . PROP LEQ CONST
    (16) expression -> . PROP LESS CONST
    (17) expression -> . PROP GEQ CONST
    (18) expression -> . PROP GREATER CONST

    FORALL          shift and go to state 2
    EXIST           shift and go to state 3
    NOT             shift and go to state 4
    LPAREN          shift and go to state 5
    PROP            shift and go to state 6

    expression                     shift and go to state 1

state 1

    (0) S' -> expression .
    (1) expression -> expression . AND expression
    (2) expression -> expression . OR expression
    (3) expression -> expression . IMPLIES expression

    AND             shift and go to state 7
    OR              shift and go to state 8
    IMPLIES         shift and go to state 9


state 2

    (4) expression -> FORALL . expression UNTIL expression
    (6) expression -> FORALL . GLOBALLY expression
    (7) expression -> FORALL . EVENTUALLY expression
    (1) expression -> . expression AND expression
    (2) expression -> . expression OR expression
    (3) expression -> . expression IMPLIES expression
    (4) expression -> . FORALL expression UNTIL expression
    (5) expression -> . EXIST expression UNTIL expression
    (6) expression -> . FORALL GLOBALLY expression
    (7) expression -> . FORALL EVENTUALLY expression
    (8) expression -> . EXIST GLOBALLY expression
    (9) expression -> . EXIST EVENTUALLY expression
    (10) expression -> . NOT expression
    (11) expression -> . LPAREN expression RPAREN
    (12) expression -> . PROP TIME_SEP expression
    (13) expression -> . LPAREN expression RPAREN TIME_SEP expression
    (14) expression -> . PROP
    (15) expression -> . PROP LEQ CONST
    (16) expression -> . PROP LESS CONST
    (17) expression -> . PROP GEQ CONST
    (18) expression -> . PROP GREATER CONST

    GLOBALLY        shift and go to state 11
    EVENTUALLY      shift and go to state 12
    FORALL          shift and go to state 2
    EXIST           shift and go to state 3
    NOT             shift and go to state 4
    LPAREN          shift and go to state 5
    PROP            shift and go to state 6

    expression                     shift and go to state 10

state 3

    (5) expression -> EXIST . expression UNTIL expression
    (8) expression -> EXIST . GLOBALLY expression
    (9) expression -> EXIST . EVENTUALLY expression
    (1) expression -> . expression AND expression
    (2) expression -> . expression OR expression
    (3) expression -> . expression IMPLIES expression
    (4) expression -> . FORALL expression UNTIL expression
    (5) expression -> . EXIST expression UNTIL expression
    (6) expression -> . FORALL GLOBALLY expression
    (7) expression -> . FORALL EVENTUALLY expression
    (8) expression -> . EXIST GLOBALLY expression
    (9) expression -> . EXIST EVENTUALLY expression
    (10) expression -> . NOT expression
    (11) expression -> . LPAREN expression RPAREN
    (12) expression -> . PROP TIME_SEP expression
    (13) expression -> . LPAREN expression RPAREN TIME_SEP expression
    (14) expression -> . PROP
    (15) expression -> . PROP LEQ CONST
    (16) expression -> . PROP LESS CONST
    (17) expression -> . PROP GEQ CONST
    (18) expression -> . PROP GREATER CONST

    GLOBALLY        shift and go to state 14
    EVENTUALLY      shift and go to state 15
    FORALL          shift and go to state 2
    EXIST           shift and go to state 3
    NOT             shift and go to state 4
    LPAREN          shift and go to state 5
    PROP            shift and go to state 6

    expression                     shift and go to state 13

state 4

    (10) expression -> NOT . expression
    (1) expression -> . expression AND expression
    (2) expression -> . expression OR expression
    (3) expression -> . expression IMPLIES expression
    (4) expression -> . FORALL expression UNTIL expression
    (5) expression -> . EXIST expression UNTIL expression
    (6) expression -> . FORALL GLOBALLY expression
    (7) expression -> . FORALL EVENTUALLY expression
    (8) expression -> . EXIST GLOBALLY expression
    (9) expression -> . EXIST EVENTUALLY expression
    (10) expression -> . NOT expression
    (11) expression -> . LPAREN expression RPAREN
    (12) expression -> . PROP TIME_SEP expression
    (13) expression -> . LPAREN expression RPAREN TIME_SEP expression
    (14) expression -> . PROP
    (15) expression -> . PROP LEQ CONST
    (16) expression -> . PROP LESS CONST
    (17) expression -> . PROP GEQ CONST
    (18) expression -> . PROP GREATER CONST

    FORALL          shift and go to state 2
    EXIST           shift and go to state 3
    NOT             shift and go to state 4
    LPAREN          shift and go to state 5
    PROP            shift and go to state 6

    expression                     shift and go to state 16

state 5

    (11) expression -> LPAREN . expression RPAREN
    (13) expression -> LPAREN . expression RPAREN TIME_SEP expression
    (1) expression -> . expression AND expression
    (2) expression -> . expression OR expression
    (3) expression -> . expression IMPLIES expression
    (4) expression -> . FORALL expression UNTIL expression
    (5) expression -> . EXIST expression UNTIL expression
    (6) expression -> . FORALL GLOBALLY expression
    (7) expression -> . FORALL EVENTUALLY expression
    (8) expression -> . EXIST GLOBALLY expression
    (9) expression -> . EXIST EVENTUALLY expression
    (10) expression -> . NOT expression
    (11) expression -> . LPAREN expression RPAREN
    (12) expression -> . PROP TIME_SEP expression
    (13) expression -> . LPAREN expression RPAREN TIME_SEP expression
    (14) expression -> . PROP
    (15) expression -> . PROP LEQ CONST
    (16) expression -> . PROP LESS CONST
    (17) expression -> . PROP GEQ CONST
    (18) expression -> . PROP GREATER CONST

    FORALL          shift and go to state 2
    EXIST           shift and go to state 3
    NOT             shift and go to state 4
    LPAREN          shift and go to state 5
    PROP            shift and go to state 6

    expression                     shift and go to state 17

state 6

    (12) expression -> PROP . TIME_SEP expression
    (14) expression -> PROP .
    (15) expression -> PROP . LEQ CONST
    (16) expression -> PROP . LESS CONST
    (17) expression -> PROP . GEQ CONST
    (18) expression -> PROP . GREATER CONST

    TIME_SEP        shift and go to state 18
    AND             reduce using rule 14 (expression -> PROP .)
    OR              reduce using rule 14 (expression -> PROP .)
    IMPLIES         reduce using rule 14 (expression -> PROP .)
    $end            reduce using rule 14 (expression -> PROP .)
    UNTIL           reduce using rule 14 (expression -> PROP .)
    RPAREN          reduce using rule 14 (expression -> PROP .)
    LEQ             shift and go to state 19
    LESS            shift and go to state 20
    GEQ             shift and go to state 21
    GREATER         shift and go to state 22


state 7

    (1) expression -> expression AND . expression
    (1) expression -> . expression AND expression
    (2) expression -> . expression OR expression
    (3) expression -> . expression IMPLIES expression
    (4) expression -> . FORALL expression UNTIL expression
    (5) expression -> . EXIST expression UNTIL expression
    (6) expression -> . FORALL GLOBALLY expression
    (7) expression -> . FORALL EVENTUALLY expression
    (8) expression -> . EXIST GLOBALLY expression
    (9) expression -> . EXIST EVENTUALLY expression
    (10) expression -> . NOT expression
    (11) expression -> . LPAREN expression RPAREN
    (12) expression -> . PROP TIME_SEP expression
    (13) expression -> . LPAREN expression RPAREN TIME_SEP expression
    (14) expression -> . PROP
    (15) expression -> . PROP LEQ CONST
    (16) expression -> . PROP LESS CONST
    (17) expression -> . PROP GEQ CONST
    (18) expression -> . PROP GREATER CONST

    FORALL          shift and go to state 2
    EXIST           shift and go to state 3
    NOT             shift and go to state 4
    LPAREN          shift and go to state 5
    PROP            shift and go to state 6

    expression                     shift and go to state 23

state 8

    (2) expression -> expression OR . expression
    (1) expression -> . expression AND expression
    (2) expression -> . expression OR expression
    (3) expression -> . expression IMPLIES expression
    (4) expression -> . FORALL expression UNTIL expression
    (5) expression -> . EXIST expression UNTIL expression
    (6) expression -> . FORALL GLOBALLY expression
    (7) expression -> . FORALL EVENTUALLY expression
    (8) expression -> . EXIST GLOBALLY expression
    (9) expression -> . EXIST EVENTUALLY expression
    (10) expression -> . NOT expression
    (11) expression -> . LPAREN expression RPAREN
    (12) expression -> . PROP TIME_SEP expression
    (13) expression -> . LPAREN expression RPAREN TIME_SEP expression
    (14) expression -> . PROP
    (15) expression -> . PROP LEQ CONST
    (16) expression -> . PROP LESS CONST
    (17) expression -> . PROP GEQ CONST
    (18) expression -> . PROP GREATER CONST

    FORALL          shift and go to state 2
    EXIST           shift and go to state 3
    NOT             shift and go to state 4
    LPAREN          shift and go to state 5
    PROP            shift and go to state 6

    expression                     shift and go to state 24

state 9

    (3) expression -> expression IMPLIES . expression
    (1) expression -> . expression AND expression
    (2) expression -> . expression OR expression
    (3) expression -> . expression IMPLIES expression
    (4) expression -> . FORALL expression UNTIL expression
    (5) expression -> . EXIST expression UNTIL expression
    (6) expression -> . FORALL GLOBALLY expression
    (7) expression -> . FORALL EVENTUALLY expression
    (8) expression -> . EXIST GLOBALLY expression
    (9) expression -> . EXIST EVENTUALLY expression
    (10) expression -> . NOT expression
    (11) expression -> . LPAREN expression RPAREN
    (12) expression -> . PROP TIME_SEP expression
    (13) expression -> . LPAREN expression RPAREN TIME_SEP expression
    (14) expression -> . PROP
    (15) expression -> . PROP LEQ CONST
    (16) expression -> . PROP LESS CONST
    (17) expression -> . PROP GEQ CONST
    (18) expression -> . PROP GREATER CONST

    FORALL          shift and go to state 2
    EXIST           shift and go to state 3
    NOT             shift and go to state 4
    LPAREN          shift and go to state 5
    PROP            shift and go to state 6

    expression                     shift and go to state 25

state 10

    (4) expression -> FORALL expression . UNTIL expression
    (1) expression -> expression . AND expression
    (2) expression -> expression . OR expression
    (3) expression -> expression . IMPLIES expression

    UNTIL           shift and go to state 26
    AND             shift and go to state 7
    OR              shift and go to state 8
    IMPLIES         shift and go to state 9


state 11

    (6) expression -> FORALL GLOBALLY . expression
    (1) expression -> . expression AND expression
    (2) expression -> . expression OR expression
    (3) expression -> . expression IMPLIES expression
    (4) expression -> . FORALL expression UNTIL expression
    (5) expression -> . EXIST expression UNTIL expression
    (6) expression -> . FORALL GLOBALLY expression
    (7) expression -> . FORALL EVENTUALLY expression
    (8) expression -> . EXIST GLOBALLY expression
    (9) expression -> . EXIST EVENTUALLY expression
    (10) expression -> . NOT expression
    (11) expression -> . LPAREN expression RPAREN
    (12) expression -> . PROP TIME_SEP expression
    (13) expression -> . LPAREN expression RPAREN TIME_SEP expression
    (14) expression -> . PROP
    (15) expression -> . PROP LEQ CONST
    (16) expression -> . PROP LESS CONST
    (17) expression -> . PROP GEQ CONST
    (18) expression -> . PROP GREATER CONST

    FORALL          shift and go to state 2
    EXIST           shift and go to state 3
    NOT             shift and go to state 4
    LPAREN          shift and go to state 5
    PROP            shift and go to state 6

    expression                     shift and go to state 27

state 12

    (7) expression -> FORALL EVENTUALLY . expression
    (1) expression -> . expression AND expression
    (2) expression -> . expression OR expression
    (3) expression -> . expression IMPLIES expression
    (4) expression -> . FORALL expression UNTIL expression
    (5) expression -> . EXIST expression UNTIL expression
    (6) expression -> . FORALL GLOBALLY expression
    (7) expression -> . FORALL EVENTUALLY expression
    (8) expression -> . EXIST GLOBALLY expression
    (9) expression -> . EXIST EVENTUALLY expression
    (10) expression -> . NOT expression
    (11) expression -> . LPAREN expression RPAREN
    (12) expression -> . PROP TIME_SEP expression
    (13) expression -> . LPAREN expression RPAREN TIME_SEP expression
    (14) expression -> . PROP
    (15) expression -> . PROP LEQ CONST
    (16) expression -> . PROP LESS CONST
    (17) expression -> . PROP GEQ CONST
    (18) expression -> . PROP GREATER CONST

    FORALL          shift and go to state 2
    EXIST           shift and go to state 3
    NOT             shift and go to state 4
    LPAREN          shift and go to state 5
    PROP            shift and go to state 6

    expression                     shift and go to state 28

state 13

    (5) expression -> EXIST expression . UNTIL expression
    (1) expression -> expression . AND expression
    (2) expression -> expression . OR expression
    (3) expression -> expression . IMPLIES expression

    UNTIL           shift and go to state 29
    AND             shift and go to state 7
    OR              shift and go to state 8
    IMPLIES         shift and go to state 9


state 14

    (8) expression -> EXIST GLOBALLY . expression
    (1) expression -> . expression AND expression
    (2) expression -> . expression OR expression
    (3) expression -> . expression IMPLIES expression
    (4) expression -> . FORALL expression UNTIL expression
    (5) expression -> . EXIST expression UNTIL expression
    (6) expression -> . FORALL GLOBALLY expression
    (7) expression -> . FORALL EVENTUALLY expression
    (8) expression -> . EXIST GLOBALLY expression
    (9) expression -> . EXIST EVENTUALLY expression
    (10) expression -> . NOT expression
    (11) expression -> . LPAREN expression RPAREN
    (12) expression -> . PROP TIME_SEP expression
    (13) expression -> . LPAREN expression RPAREN TIME_SEP expression
    (14) expression -> . PROP
    (15) expression -> . PROP LEQ CONST
    (16) expression -> . PROP LESS CONST
    (17) expression -> . PROP GEQ CONST
    (18) expression -> . PROP GREATER CONST

    FORALL          shift and go to state 2
    EXIST           shift and go to state 3
    NOT             shift and go to state 4
    LPAREN          shift and go to state 5
    PROP            shift and go to state 6

    expression                     shift and go to state 30

state 15

    (9) expression -> EXIST EVENTUALLY . expression
    (1) expression -> . expression AND expression
    (2) expression -> . expression OR expression
    (3) expression -> . expression IMPLIES expression
    (4) expression -> . FORALL expression UNTIL expression
    (5) expression -> . EXIST expression UNTIL expression
    (6) expression -> . FORALL GLOBALLY expression
    (7) expression -> . FORALL EVENTUALLY expression
    (8) expression -> . EXIST GLOBALLY expression
    (9) expression -> . EXIST EVENTUALLY expression
    (10) expression -> . NOT expression
    (11) expression -> . LPAREN expression RPAREN
    (12) expression -> . PROP TIME_SEP expression
    (13) expression -> . LPAREN expression RPAREN TIME_SEP expression
    (14) expression -> . PROP
    (15) expression -> . PROP LEQ CONST
    (16) expression -> . PROP LESS CONST
    (17) expression -> . PROP GEQ CONST
    (18) expression -> . PROP GREATER CONST

    FORALL          shift and go to state 2
    EXIST           shift and go to state 3
    NOT             shift and go to state 4
    LPAREN          shift and go to state 5
    PROP            shift and go to state 6

    expression                     shift and go to state 31

state 16

    (10) expression -> NOT expression .
    (1) expression -> expression . AND expression
    (2) expression -> expression . OR expression
    (3) expression -> expression . IMPLIES expression

    AND             reduce using rule 10 (expression -> NOT expression .)
    OR              reduce using rule 10 (expression -> NOT expression .)
    IMPLIES         reduce using rule 10 (expression -> NOT expression .)
    $end            reduce using rule 10 (expression -> NOT expression .)
    UNTIL           reduce using rule 10 (expression -> NOT expression .)
    RPAREN          reduce using rule 10 (expression -> NOT expression .)

  ! AND             [ shift and go to state 7 ]
  ! OR              [ shift and go to state 8 ]
  ! IMPLIES         [ shift and go to state 9 ]


state 17

    (11) expression -> LPAREN expression . RPAREN
    (13) expression -> LPAREN expression . RPAREN TIME_SEP expression
    (1) expression -> expression . AND expression
    (2) expression -> expression . OR expression
    (3) expression -> expression . IMPLIES expression

    RPAREN          shift and go to state 32
    AND             shift and go to state 7
    OR              shift and go to state 8
    IMPLIES         shift and go to state 9


state 18

    (12) expression -> PROP TIME_SEP . expression
    (1) expression -> . expression AND expression
    (2) expression -> . expression OR expression
    (3) expression -> . expression IMPLIES expression
    (4) expression -> . FORALL expression UNTIL expression
    (5) expression -> . EXIST expression UNTIL expression
    (6) expression -> . FORALL GLOBALLY expression
    (7) expression -> . FORALL EVENTUALLY expression
    (8) expression -> . EXIST GLOBALLY expression
    (9) expression -> . EXIST EVENTUALLY expression
    (10) expression -> . NOT expression
    (11) expression -> . LPAREN expression RPAREN
    (12) expression -> . PROP TIME_SEP expression
    (13) expression -> . LPAREN expression RPAREN TIME_SEP expression
    (14) expression -> . PROP
    (15) expression -> . PROP LEQ CONST
    (16) expression -> . PROP LESS CONST
    (17) expression -> . PROP GEQ CONST
    (18) expression -> . PROP GREATER CONST

    FORALL          shift and go to state 2
    EXIST           shift and go to state 3
    NOT             shift and go to state 4
    LPAREN          shift and go to state 5
    PROP            shift and go to state 6

    expression                     shift and go to state 33

state 19

    (15) expression -> PROP LEQ . CONST

    CONST           shift and go to state 34


state 20

    (16) expression -> PROP LESS . CONST

    CONST           shift and go to state 35


state 21

    (17) expression -> PROP GEQ . CONST

    CONST           shift and go to state 36


state 22

    (18) expression -> PROP GREATER . CONST

    CONST           shift and go to state 37


state 23

    (1) expression -> expression AND expression .
    (1) expression -> expression . AND expression
    (2) expression -> expression . OR expression
    (3) expression -> expression . IMPLIES expression

  ! shift/reduce conflict for AND resolved as shift
  ! shift/reduce conflict for OR resolved as shift
  ! shift/reduce conflict for IMPLIES resolved as shift
    $end            reduce using rule 1 (expression -> expression AND expression .)
    UNTIL           reduce using rule 1 (expression -> expression AND expression .)
    RPAREN          reduce using rule 1 (expression -> expression AND expression .)
    AND             shift and go to state 7
    OR              shift and go to state 8
    IMPLIES         shift and go to state 9

  ! AND             [ reduce using rule 1 (expression -> expression AND expression .) ]
  ! OR              [ reduce using rule 1 (expression -> expression AND expression .) ]
  ! IMPLIES         [ reduce using rule 1 (expression -> expression AND expression .) ]


state 24

    (2) expression -> expression OR expression .
    (1) expression -> expression . AND expression
    (2) expression -> expression . OR expression
    (3) expression -> expression . IMPLIES expression

  ! shift/reduce conflict for AND resolved as shift
  ! shift/reduce conflict for OR resolved as shift
  ! shift/reduce conflict for IMPLIES resolved as shift
    $end            reduce using rule 2 (expression -> expression OR expression .)
    UNTIL           reduce using rule 2 (expression -> expression OR expression .)
    RPAREN          reduce using rule 2 (expression -> expression OR expression .)
    AND             shift and go to state 7
    OR              shift and go to state 8
    IMPLIES         shift and go to state 9

  ! AND             [ reduce using rule 2 (expression -> expression OR expression .) ]
  ! OR              [ reduce using rule 2 (expression -> expression OR expression .) ]
  ! IMPLIES         [ reduce using rule 2 (expression -> expression OR expression .) ]


state 25

    (3) expression -> expression IMPLIES expression .
    (1) expression -> expression . AND expression
    (2) expression -> expression . OR expression
    (3) expression -> expression . IMPLIES expression

  ! shift/reduce conflict for AND resolved as shift
  ! shift/reduce conflict for OR resolved as shift
  ! shift/reduce conflict for IMPLIES resolved as shift
    $end            reduce using rule 3 (expression -> expression IMPLIES expression .)
    UNTIL           reduce using rule 3 (expression -> expression IMPLIES expression .)
    RPAREN          reduce using rule 3 (expression -> expression IMPLIES expression .)
    AND             shift and go to state 7
    OR              shift and go to state 8
    IMPLIES         shift and go to state 9

  ! AND             [ reduce using rule 3 (expression -> expression IMPLIES expression .) ]
  ! OR              [ reduce using rule 3 (expression -> expression IMPLIES expression .) ]
  ! IMPLIES         [ reduce using rule 3 (expression -> expression IMPLIES expression .) ]


state 26

    (4) expression -> FORALL expression UNTIL . expression
    (1) expression -> . expression AND expression
    (2) expression -> . expression OR expression
    (3) expression -> . expression IMPLIES expression
    (4) expression -> . FORALL expression UNTIL expression
    (5) expression -> . EXIST expression UNTIL expression
    (6) expression -> . FORALL GLOBALLY expression
    (7) expression -> . FORALL EVENTUALLY expression
    (8) expression -> . EXIST GLOBALLY expression
    (9) expression -> . EXIST EVENTUALLY expression
    (10) expression -> . NOT expression
    (11) expression -> . LPAREN expression RPAREN
    (12) expression -> . PROP TIME_SEP expression
    (13) expression -> . LPAREN expression RPAREN TIME_SEP expression
    (14) expression -> . PROP
    (15) expression -> . PROP LEQ CONST
    (16) expression -> . PROP LESS CONST
    (17) expression -> . PROP GEQ CONST
    (18) expression -> . PROP GREATER CONST

    FORALL          shift and go to state 2
    EXIST           shift and go to state 3
    NOT             shift and go to state 4
    LPAREN          shift and go to state 5
    PROP            shift and go to state 6

    expression                     shift and go to state 38

state 27

    (6) expression -> FORALL GLOBALLY expression .
    (1) expression -> expression . AND expression
    (2) expression -> expression . OR expression
    (3) expression -> expression . IMPLIES expression

  ! shift/reduce conflict for AND resolved as shift
  ! shift/reduce conflict for OR resolved as shift
  ! shift/reduce conflict for IMPLIES resolved as shift
    $end            reduce using rule 6 (expression -> FORALL GLOBALLY expression .)
    UNTIL           reduce using rule 6 (expression -> FORALL GLOBALLY expression .)
    RPAREN          reduce using rule 6 (expression -> FORALL GLOBALLY expression .)
    AND             shift and go to state 7
    OR              shift and go to state 8
    IMPLIES         shift and go to state 9

  ! AND             [ reduce using rule 6 (expression -> FORALL GLOBALLY expression .) ]
  ! OR              [ reduce using rule 6 (expression -> FORALL GLOBALLY expression .) ]
  ! IMPLIES         [ reduce using rule 6 (expression -> FORALL GLOBALLY expression .) ]


state 28

    (7) expression -> FORALL EVENTUALLY expression .
    (1) expression -> expression . AND expression
    (2) expression -> expression . OR expression
    (3) expression -> expression . IMPLIES expression

  ! shift/reduce conflict for AND resolved as shift
  ! shift/reduce conflict for OR resolved as shift
  ! shift/reduce conflict for IMPLIES resolved as shift
    $end            reduce using rule 7 (expression -> FORALL EVENTUALLY expression .)
    UNTIL           reduce using rule 7 (expression -> FORALL EVENTUALLY expression .)
    RPAREN          reduce using rule 7 (expression -> FORALL EVENTUALLY expression .)
    AND             shift and go to state 7
    OR              shift and go to state 8
    IMPLIES         shift and go to state 9

  ! AND             [ reduce using rule 7 (expression -> FORALL EVENTUALLY expression .) ]
  ! OR              [ reduce using rule 7 (expression -> FORALL EVENTUALLY expression .) ]
  ! IMPLIES         [ reduce using rule 7 (expression -> FORALL EVENTUALLY expression .) ]


state 29

    (5) expression -> EXIST expression UNTIL . expression
    (1) expression -> . expression AND expression
    (2) expression -> . expression OR expression
    (3) expression -> . expression IMPLIES expression
    (4) expression -> . FORALL expression UNTIL expression
    (5) expression -> . EXIST expression UNTIL expression
    (6) expression -> . FORALL GLOBALLY expression
    (7) expression -> . FORALL EVENTUALLY expression
    (8) expression -> . EXIST GLOBALLY expression
    (9) expression -> . EXIST EVENTUALLY expression
    (10) expression -> . NOT expression
    (11) expression -> . LPAREN expression RPAREN
    (12) expression -> . PROP TIME_SEP expression
    (13) expression -> . LPAREN expression RPAREN TIME_SEP expression
    (14) expression -> . PROP
    (15) expression -> . PROP LEQ CONST
    (16) expression -> . PROP LESS CONST
    (17) expression -> . PROP GEQ CONST
    (18) expression -> . PROP GREATER CONST

    FORALL          shift and go to state 2
    EXIST           shift and go to state 3
    NOT             shift and go to state 4
    LPAREN          shift and go to state 5
    PROP            shift and go to state 6

    expression                     shift and go to state 39

state 30

    (8) expression -> EXIST GLOBALLY expression .
    (1) expression -> expression . AND expression
    (2) expression -> expression . OR expression
    (3) expression -> expression . IMPLIES expression

  ! shift/reduce conflict for AND resolved as shift
  ! shift/reduce conflict for OR resolved as shift
  ! shift/reduce conflict for IMPLIES resolved as shift
    $end            reduce using rule 8 (expression -> EXIST GLOBALLY expression .)
    UNTIL           reduce using rule 8 (expression -> EXIST GLOBALLY expression .)
    RPAREN          reduce using rule 8 (expression -> EXIST GLOBALLY expression .)
    AND             shift and go to state 7
    OR              shift and go to state 8
    IMPLIES         shift and go to state 9

  ! AND             [ reduce using rule 8 (expression -> EXIST GLOBALLY expression .) ]
  ! OR              [ reduce using rule 8 (expression -> EXIST GLOBALLY expression .) ]
  ! IMPLIES         [ reduce using rule 8 (expression -> EXIST GLOBALLY expression .) ]


state 31

    (9) expression -> EXIST EVENTUALLY expression .
    (1) expression -> expression . AND expression
    (2) expression -> expression . OR expression
    (3) expression -> expression . IMPLIES expression

  ! shift/reduce conflict for AND resolved as shift
  ! shift/reduce conflict for OR resolved as shift
  ! shift/reduce conflict for IMPLIES resolved as shift
    $end            reduce using rule 9 (expression -> EXIST EVENTUALLY expression .)
    UNTIL           reduce using rule 9 (expression -> EXIST EVENTUALLY expression .)
    RPAREN          reduce using rule 9 (expression -> EXIST EVENTUALLY expression .)
    AND             shift and go to state 7
    OR              shift and go to state 8
    IMPLIES         shift and go to state 9

  ! AND             [ reduce using rule 9 (expression -> EXIST EVENTUALLY expression .) ]
  ! OR              [ reduce using rule 9 (expression -> EXIST EVENTUALLY expression .) ]
  ! IMPLIES         [ reduce using rule 9 (expression -> EXIST EVENTUALLY expression .) ]


state 32

    (11) expression -> LPAREN expression RPAREN .
    (13) expression -> LPAREN expression RPAREN . TIME_SEP expression

    AND             reduce using rule 11 (expression -> LPAREN expression RPAREN .)
    OR              reduce using rule 11 (expression -> LPAREN expression RPAREN .)
    IMPLIES         reduce using rule 11 (expression -> LPAREN expression RPAREN .)
    $end            reduce using rule 11 (expression -> LPAREN expression RPAREN .)
    UNTIL           reduce using rule 11 (expression -> LPAREN expression RPAREN .)
    RPAREN          reduce using rule 11 (expression -> LPAREN expression RPAREN .)
    TIME_SEP        shift and go to state 40


state 33

    (12) expression -> PROP TIME_SEP expression .
    (1) expression -> expression . AND expression
    (2) expression -> expression . OR expression
    (3) expression -> expression . IMPLIES expression

  ! shift/reduce conflict for AND resolved as shift
  ! shift/reduce conflict for OR resolved as shift
  ! shift/reduce conflict for IMPLIES resolved as shift
    $end            reduce using rule 12 (expression -> PROP TIME_SEP expression .)
    UNTIL           reduce using rule 12 (expression -> PROP TIME_SEP expression .)
    RPAREN          reduce using rule 12 (expression -> PROP TIME_SEP expression .)
    AND             shift and go to state 7
    OR              shift and go to state 8
    IMPLIES         shift and go to state 9

  ! AND             [ reduce using rule 12 (expression -> PROP TIME_SEP expression .) ]
  ! OR              [ reduce using rule 12 (expression -> PROP TIME_SEP expression .) ]
  ! IMPLIES         [ reduce using rule 12 (expression -> PROP TIME_SEP expression .) ]


state 34

    (15) expression -> PROP LEQ CONST .

    AND             reduce using rule 15 (expression -> PROP LEQ CONST .)
    OR              reduce using rule 15 (expression -> PROP LEQ CONST .)
    IMPLIES         reduce using rule 15 (expression -> PROP LEQ CONST .)
    $end            reduce using rule 15 (expression -> PROP LEQ CONST .)
    UNTIL           reduce using rule 15 (expression -> PROP LEQ CONST .)
    RPAREN          reduce using rule 15 (expression -> PROP LEQ CONST .)


state 35

    (16) expression -> PROP LESS CONST .

    AND             reduce using rule 16 (expression -> PROP LESS CONST .)
    OR              reduce using rule 16 (expression -> PROP LESS CONST .)
    IMPLIES         reduce using rule 16 (expression -> PROP LESS CONST .)
    $end            reduce using rule 16 (expression -> PROP LESS CONST .)
    UNTIL           reduce using rule 16 (expression -> PROP LESS CONST .)
    RPAREN          reduce using rule 16 (expression -> PROP LESS CONST .)


state 36

    (17) expression -> PROP GEQ CONST .

    AND             reduce using rule 17 (expression -> PROP GEQ CONST .)
    OR              reduce using rule 17 (expression -> PROP GEQ CONST .)
    IMPLIES         reduce using rule 17 (expression -> PROP GEQ CONST .)
    $end            reduce using rule 17 (expression -> PROP GEQ CONST .)
    UNTIL           reduce using rule 17 (expression -> PROP GEQ CONST .)
    RPAREN          reduce using rule 17 (expression -> PROP GEQ CONST .)


state 37

    (18) expression -> PROP GREATER CONST .

    AND             reduce using rule 18 (expression -> PROP GREATER CONST .)
    OR              reduce using rule 18 (expression -> PROP GREATER CONST .)
    IMPLIES         reduce using rule 18 (expression -> PROP GREATER CONST .)
    $end            reduce using rule 18 (expression -> PROP GREATER CONST .)
    UNTIL           reduce using rule 18 (expression -> PROP GREATER CONST .)
    RPAREN          reduce using rule 18 (expression -> PROP GREATER CONST .)


state 38

    (4) expression -> FORALL expression UNTIL expression .
    (1) expression -> expression . AND expression
    (2) expression -> expression . OR expression
    (3) expression -> expression . IMPLIES expression

  ! shift/reduce conflict for AND resolved as shift
  ! shift/reduce conflict for OR resolved as shift
  ! shift/reduce conflict for IMPLIES resolved as shift
    $end            reduce using rule 4 (expression -> FORALL expression UNTIL expression .)
    UNTIL           reduce using rule 4 (expression -> FORALL expression UNTIL expression .)
    RPAREN          reduce using rule 4 (expression -> FORALL expression UNTIL expression .)
    AND             shift and go to state 7
    OR              shift and go to state 8
    IMPLIES         shift and go to state 9

  ! AND             [ reduce using rule 4 (expression -> FORALL expression UNTIL expression .) ]
  ! OR              [ reduce using rule 4 (expression -> FORALL expression UNTIL expression .) ]
  ! IMPLIES         [ reduce using rule 4 (expression -> FORALL expression UNTIL expression .) ]


state 39

    (5) expression -> EXIST expression UNTIL expression .
    (1) expression -> expression . AND expression
    (2) expression -> expression . OR expression
    (3) expression -> expression . IMPLIES expression

  ! shift/reduce conflict for AND resolved as shift
  ! shift/reduce conflict for OR resolved as shift
  ! shift/reduce conflict for IMPLIES resolved as shift
    $end            reduce using rule 5 (expression -> EXIST expression UNTIL expression .)
    UNTIL           reduce using rule 5 (expression -> EXIST expression UNTIL expression .)
    RPAREN          reduce using rule 5 (expression -> EXIST expression UNTIL expression .)
    AND             shift and go to state 7
    OR              shift and go to state 8
    IMPLIES         shift and go to state 9

  ! AND             [ reduce using rule 5 (expression -> EXIST expression UNTIL expression .) ]
  ! OR              [ reduce using rule 5 (expression -> EXIST expression UNTIL expression .) ]
  ! IMPLIES         [ reduce using rule 5 (expression -> EXIST expression UNTIL expression .) ]


state 40

    (13) expression -> LPAREN expression RPAREN TIME_SEP . expression
    (1) expression -> . expression AND expression
    (2) expression -> . expression OR expression
    (3) expression -> . expression IMPLIES expression
    (4) expression -> . FORALL expression UNTIL expression
    (5) expression -> . EXIST expression UNTIL expression
    (6) expression -> . FORALL GLOBALLY expression
    (7) expression -> . FORALL EVENTUALLY expression
    (8) expression -> . EXIST GLOBALLY expression
    (9) expression -> . EXIST EVENTUALLY expression
    (10) expression -> . NOT expression
    (11) expression -> . LPAREN expression RPAREN
    (12) expression -> . PROP TIME_SEP expression
    (13) expression -> . LPAREN expression RPAREN TIME_SEP expression
    (14) expression -> . PROP
    (15) expression -> . PROP LEQ CONST
    (16) expression -> . PROP LESS CONST
    (17) expression -> . PROP GEQ CONST
    (18) expression -> . PROP GREATER CONST

    FORALL          shift and go to state 2
    EXIST           shift and go to state 3
    NOT             shift and go to state 4
    LPAREN          shift and go to state 5
    PROP            shift and go to state 6

    expression                     shift and go to state 41

state 41

    (13) expression -> LPAREN expression RPAREN TIME_SEP expression .
    (1) expression -> expression . AND expression
    (2) expression -> expression . OR expression
    (3) expression -> expression . IMPLIES expression

  ! shift/reduce conflict for AND resolved as shift
  ! shift/reduce conflict for OR resolved as shift
  ! shift/reduce conflict for IMPLIES resolved as shift
    $end            reduce using rule 13 (expression -> LPAREN expression RPAREN TIME_SEP expression .)
    UNTIL           reduce using rule 13 (expression -> LPAREN expression RPAREN TIME_SEP expression .)
    RPAREN          reduce using rule 13 (expression -> LPAREN expression RPAREN TIME_SEP expression .)
    AND             shift and go to state 7
    OR              shift and go to state 8
    IMPLIES         shift and go to state 9

  ! AND             [ reduce using rule 13 (expression -> LPAREN expression RPAREN TIME_SEP expression .) ]
  ! OR              [ reduce using rule 13 (expression -> LPAREN expression RPAREN TIME_SEP expression .) ]
  ! IMPLIES         [ reduce using rule 13 (expression -> LPAREN expression RPAREN TIME_SEP expression .) ]

WARNING: 
WARNING: Conflicts:
WARNING: 
WARNING: shift/reduce conflict for AND in state 23 resolved as shift
WARNING: shift/reduce conflict for OR in state 23 resolved as shift
WARNING: shift/reduce conflict for IMPLIES in state 23 resolved as shift
WARNING: shift/reduce conflict for AND in state 24 resolved as shift
WARNING: shift/reduce conflict for OR in state 24 resolved as shift
WARNING: shift/reduce conflict for IMPLIES in state 24 resolved as shift
WARNING: shift/reduce conflict for AND in state 25 resolved as shift
WARNING: shift/reduce conflict for OR in state 25 resolved as shift
WARNING: shift/reduce conflict for IMPLIES in state 25 resolved as shift
WARNING: shift/reduce conflict for AND in state 27 resolved as shift
WARNING: shift/reduce conflict for OR in state 27 resolved as shift
WARNING: shift/reduce conflict for IMPLIES in state 27 resolved as shift
WARNING: shift/reduce conflict for AND in state 28 resolved as shift
WARNING: shift/reduce conflict for OR in state 28 resolved as shift
WARNING: shift/reduce conflict for IMPLIES in state 28 resolved as shift
WARNING: shift/reduce conflict for AND in state 30 resolved as shift
WARNING: shift/reduce conflict for OR in state 30 resolved as shift
WARNING: shift/reduce conflict for IMPLIES in state 30 resolved as shift
WARNING: shift/reduce conflict for AND in state 31 resolved as shift
WARNING: shift/reduce conflict for OR in state 31 resolved as shift
WARNING: shift/reduce conflict for IMPLIES in state 31 resolved as shift
WARNING: shift/reduce conflict for AND in state 33 resolved as shift
WARNING: shift/reduce conflict for OR in state 33 resolved as shift
WARNING: shift/reduce conflict for IMPLIES in state 33 resolved as shift
WARNING: shift/reduce conflict for AND in state 38 resolved as shift
WARNING: shift/reduce conflict for OR in state 38 resolved as shift
WARNING: shift/reduce conflict for IMPLIES in state 38 resolved as shift
WARNING: shift/reduce conflict for AND in state 39 resolved as shift
WARNING: shift/reduce conflict for OR in state 39 resolved as shift
WARNING: shift/reduce conflict for IMPLIES in state 39 resolved as shift
WARNING: shift/reduce conflict for AND in state 41 resolved as shift
WARNING: shift/reduce conflict for OR in state 41 resolved as shift
WARNING: shift/reduce conflict for IMPLIES in state 41 resolved as shift
